Fixed docs\tgm\about-us.html
Fixed docs\tgm\blog-1.html
Fixed docs\tgm\blog-2.html
Fixed docs\tgm\blog-3.html
Fixed docs\tgm\blog-4.html
Fixed docs\tgm\blog-5.html
Fixed docs\tgm\blog-6.html
Fixed docs\tgm\blog-7.html
Fixed docs\tgm\blog-8.html
Fixed docs\tgm\blog.html
Fixed docs\tgm\contact-us.html
Fixed docs\tgm\disclaimer.html
Fixed docs\tgm\gallery.html
Fixed docs\tgm\grades.html
Fixed docs\tgm\media.html
Fixed docs\tgm\nav.js
Fixed docs\tgm\nickel-alloy-bars.html
Fixed docs\tgm\nickel-alloy-fittings.html
Fixed docs\tgm\nickel-alloy-pipes.html
Fixed docs\tgm\nickel-alloy-sheets.html
Fixed docs\tgm\nickel-alloy-wires.html
Fixed docs\tgm\nickel-alloy.html
Fixed docs\tgm\privacy-policy.html
Fixed docs\tgm\products.js
Fixed docs\tgm\sitemap.html
Fixed docs\tgm\solutions.html
Fixed docs\tgm\tools.html
Fixed docs\tgm\truegrade.js
Fixed docs\tgm\gallery\bar-rod.html
Fixed docs\tgm\gallery\pipe-fitting.html
Fixed docs\tgm\gallery\pipe-tube.html
Fixed docs\tgm\gallery\sheet-coil.html
Fixed docs\tgm\gallery\wire.html
Fixed docs\tgm\grades\020.html
Fixed docs\tgm\grades\028.html
Fixed docs\tgm\grades\1.html
Fixed docs\tgm\grades\105.html
Fixed docs\tgm\grades\115.html
Fixed docs\tgm\grades\19.html
Fixed docs\tgm\grades\190.html
Fixed docs\tgm\grades\20.html
Fixed docs\tgm\grades\200.html
Fixed docs\tgm\grades\201.html
Fixed docs\tgm\grades\21.html
Fixed docs\tgm\grades\25-6HN.html
Fixed docs\tgm\grades\263.html
Fixed docs\tgm\grades\27-7MO.html
Fixed docs\tgm\grades\270.html
Fixed docs\tgm\grades\3.html
Fixed docs\tgm\grades\31.html
Fixed docs\tgm\grades\330.html
Fixed docs\tgm\grades\4.html
Fixed docs\tgm\grades\400.html
Fixed docs\tgm\grades\401.html
Fixed docs\tgm\grades\404.html
Fixed docs\tgm\grades\4J36.html
Fixed docs\tgm\grades\50.html
Fixed docs\tgm\grades\502.html
Fixed docs\tgm\grades\6.html
Fixed docs\tgm\grades\60.html
Fixed docs\tgm\grades\600.html
Fixed docs\tgm\grades\601.html
Fixed docs\tgm\grades\601GC.html
Fixed docs\tgm\grades\602CA.html
Fixed docs\tgm\grades\603XL.html
Fixed docs\tgm\grades\617.html
Fixed docs\tgm\grades\625.html
Fixed docs\tgm\grades\625LCF.html
Fixed docs\tgm\grades\686.html
Fixed docs\tgm\grades\690.html
Fixed docs\tgm\grades\693.html
Fixed docs\tgm\grades\694.html
Fixed docs\tgm\grades\6B.html
Fixed docs\tgm\grades\6K.html
Fixed docs\tgm\grades\706.html
Fixed docs\tgm\grades\718.html
Fixed docs\tgm\grades\718SPF.html
Fixed docs\tgm\grades\725.html
Fixed docs\tgm\grades\740H.html
Fixed docs\tgm\grades\75.html
Fixed docs\tgm\grades\751.html
Fixed docs\tgm\grades\783.html
Fixed docs\tgm\grades\800.html
Fixed docs\tgm\grades\800H.html
Fixed docs\tgm\grades\800HT.html
Fixed docs\tgm\grades\803.html
Fixed docs\tgm\grades\80A.html
Fixed docs\tgm\grades\81.html
Fixed docs\tgm\grades\825.html
Fixed docs\tgm\grades\832.html
Fixed docs\tgm\grades\86.html
Fixed docs\tgm\grades\864.html
Fixed docs\tgm\grades\890.html
Fixed docs\tgm\grades\90.html
Fixed docs\tgm\grades\901.html
Fixed docs\tgm\grades\903.html
Fixed docs\tgm\grades\907.html
Fixed docs\tgm\grades\908.html
Fixed docs\tgm\grades\909.html
Fixed docs\tgm\grades\925.html
Fixed docs\tgm\grades\926.html
Fixed docs\tgm\grades\945.html
Fixed docs\tgm\grades\945X.html
Fixed docs\tgm\grades\A-286.html
Fixed docs\tgm\grades\B-2.html
Fixed docs\tgm\grades\B-3.html
Fixed docs\tgm\grades\B.html
Fixed docs\tgm\grades\C-2000.html
Fixed docs\tgm\grades\C-22.html
Fixed docs\tgm\grades\C-22HS.html
Fixed docs\tgm\grades\C-276.html
Fixed docs\tgm\grades\C-4.html
Fixed docs\tgm\grades\C.html
Fixed docs\tgm\grades\DS.html
Fixed docs\tgm\grades\G-3.html
Fixed docs\tgm\grades\G-30.html
Fixed docs\tgm\grades\G-35.html
Fixed docs\tgm\grades\hastelloy.html
Fixed docs\tgm\grades\incoloy.html
Fixed docs\tgm\grades\inconel.html
Fixed docs\tgm\grades\K-500.html
Fixed docs\tgm\grades\MA754.html
Fixed docs\tgm\grades\MA758.html
Fixed docs\tgm\grades\MA956.html
Fixed docs\tgm\grades\monel.html
Fixed docs\tgm\grades\N.html
Fixed docs\tgm\grades\nimonic.html
Fixed docs\tgm\grades\nitronic.html
Fixed docs\tgm\grades\PE11.html
Fixed docs\tgm\grades\PE16.html
Fixed docs\tgm\grades\PK33.html
Fixed docs\tgm\grades\precision.html
Fixed docs\tgm\grades\pure-nickel.html
Fixed docs\tgm\grades\R-405.html
Fixed docs\tgm\grades\S.html
Fixed docs\tgm\grades\satellite.html
Fixed docs\tgm\grades\W.html
Fixed docs\tgm\grades\X-750.html
Fixed docs\tgm\grades\X.html
Fixed docs\tgm\products\hastelloy-B-2-nickel-alloy-bars.html
Fixed docs\tgm\products\hastelloy-B-2-nickel-alloy-capillary-tube.html
Fixed docs\tgm\products\hastelloy-B-2-nickel-alloy-coil-tube.html
Fixed docs\tgm\products\hastelloy-B-2-nickel-alloy-coil.html
Fixed docs\tgm\products\hastelloy-B-2-nickel-alloy-elbow.html
Fixed docs\tgm\products\hastelloy-B-2-nickel-alloy-filler-metal.html
Fixed docs\tgm\products\hastelloy-B-2-nickel-alloy-fittings.html
Fixed docs\tgm\products\hastelloy-B-2-nickel-alloy-flange.html
Fixed docs\tgm\products\hastelloy-B-2-nickel-alloy-flat-bar.html
Fixed docs\tgm\products\hastelloy-B-2-nickel-alloy-hexagon-bar.html
Fixed docs\tgm\products\hastelloy-B-2-nickel-alloy-pipe-cap.html
Fixed docs\tgm\products\hastelloy-B-2-nickel-alloy-pipes.html
Fixed docs\tgm\products\hastelloy-B-2-nickel-alloy-plate.html
Fixed docs\tgm\products\hastelloy-B-2-nickel-alloy-reducer.html
Fixed docs\tgm\products\hastelloy-B-2-nickel-alloy-round-bar-rod.html
Fixed docs\tgm\products\hastelloy-B-2-nickel-alloy-seamless-pipe-tube.html
Fixed docs\tgm\products\hastelloy-B-2-nickel-alloy-sheet.html
Fixed docs\tgm\products\hastelloy-B-2-nickel-alloy-sheets.html
Fixed docs\tgm\products\hastelloy-B-2-nickel-alloy-square-bar.html
Fixed docs\tgm\products\hastelloy-B-2-nickel-alloy-strip.html
Fixed docs\tgm\products\hastelloy-B-2-nickel-alloy-tee.html
Fixed docs\tgm\products\hastelloy-B-2-nickel-alloy-thick-walled-pipe.html
Fixed docs\tgm\products\hastelloy-B-2-nickel-alloy-welded-pipe-tube.html
Fixed docs\tgm\products\hastelloy-B-2-nickel-alloy-welding-electrode.html
Fixed docs\tgm\products\hastelloy-B-2-nickel-alloy-wire-rod.html
Fixed docs\tgm\products\hastelloy-B-2-nickel-alloy-wire.html
Fixed docs\tgm\products\hastelloy-B-2-nickel-alloy-wires.html
Fixed docs\tgm\products\hastelloy-B-3-nickel-alloy-bars.html
Fixed docs\tgm\products\hastelloy-B-3-nickel-alloy-capillary-tube.html
Fixed docs\tgm\products\hastelloy-B-3-nickel-alloy-coil-tube.html
Fixed docs\tgm\products\hastelloy-B-3-nickel-alloy-coil.html
Fixed docs\tgm\products\hastelloy-B-3-nickel-alloy-elbow.html
Fixed docs\tgm\products\hastelloy-B-3-nickel-alloy-filler-metal.html
Fixed docs\tgm\products\hastelloy-B-3-nickel-alloy-fittings.html
Fixed docs\tgm\products\hastelloy-B-3-nickel-alloy-flange.html
Fixed docs\tgm\products\hastelloy-B-3-nickel-alloy-flat-bar.html
Fixed docs\tgm\products\hastelloy-B-3-nickel-alloy-hexagon-bar.html
Fixed docs\tgm\products\hastelloy-B-3-nickel-alloy-pipe-cap.html
Fixed docs\tgm\products\hastelloy-B-3-nickel-alloy-pipes.html
Fixed docs\tgm\products\hastelloy-B-3-nickel-alloy-plate.html
Fixed docs\tgm\products\hastelloy-B-3-nickel-alloy-reducer.html
Fixed docs\tgm\products\hastelloy-B-3-nickel-alloy-round-bar-rod.html
Fixed docs\tgm\products\hastelloy-B-3-nickel-alloy-seamless-pipe-tube.html
Fixed docs\tgm\products\hastelloy-B-3-nickel-alloy-sheet.html
Fixed docs\tgm\products\hastelloy-B-3-nickel-alloy-sheets.html
Fixed docs\tgm\products\hastelloy-B-3-nickel-alloy-square-bar.html
Fixed docs\tgm\products\hastelloy-B-3-nickel-alloy-strip.html
Fixed docs\tgm\products\hastelloy-B-3-nickel-alloy-tee.html
Fixed docs\tgm\products\hastelloy-B-3-nickel-alloy-thick-walled-pipe.html
Fixed docs\tgm\products\hastelloy-B-3-nickel-alloy-welded-pipe-tube.html
Fixed docs\tgm\products\hastelloy-B-3-nickel-alloy-welding-electrode.html
Fixed docs\tgm\products\hastelloy-B-3-nickel-alloy-wire-rod.html
Fixed docs\tgm\products\hastelloy-B-3-nickel-alloy-wire.html
Fixed docs\tgm\products\hastelloy-B-3-nickel-alloy-wires.html
Fixed docs\tgm\products\hastelloy-B-nickel-alloy-bars.html
Fixed docs\tgm\products\hastelloy-B-nickel-alloy-capillary-tube.html
Fixed docs\tgm\products\hastelloy-B-nickel-alloy-coil-tube.html
Fixed docs\tgm\products\hastelloy-B-nickel-alloy-coil.html
Fixed docs\tgm\products\hastelloy-B-nickel-alloy-elbow.html
Fixed docs\tgm\products\hastelloy-B-nickel-alloy-filler-metal.html
Fixed docs\tgm\products\hastelloy-B-nickel-alloy-fittings.html
Fixed docs\tgm\products\hastelloy-B-nickel-alloy-flange.html
Fixed docs\tgm\products\hastelloy-B-nickel-alloy-flat-bar.html
Fixed docs\tgm\products\hastelloy-B-nickel-alloy-hexagon-bar.html
Fixed docs\tgm\products\hastelloy-B-nickel-alloy-pipe-cap.html
Fixed docs\tgm\products\hastelloy-B-nickel-alloy-pipes.html
Fixed docs\tgm\products\hastelloy-B-nickel-alloy-plate.html
Fixed docs\tgm\products\hastelloy-B-nickel-alloy-reducer.html
Fixed docs\tgm\products\hastelloy-B-nickel-alloy-round-bar-rod.html
Fixed docs\tgm\products\hastelloy-B-nickel-alloy-seamless-pipe-tube.html
Fixed docs\tgm\products\hastelloy-B-nickel-alloy-sheet.html
Fixed docs\tgm\products\hastelloy-B-nickel-alloy-sheets.html
Fixed docs\tgm\products\hastelloy-B-nickel-alloy-square-bar.html
Fixed docs\tgm\products\hastelloy-B-nickel-alloy-strip.html
Fixed docs\tgm\products\hastelloy-B-nickel-alloy-tee.html
Fixed docs\tgm\products\hastelloy-B-nickel-alloy-thick-walled-pipe.html
Fixed docs\tgm\products\hastelloy-B-nickel-alloy-welded-pipe-tube.html
Fixed docs\tgm\products\hastelloy-B-nickel-alloy-welding-electrode.html
Fixed docs\tgm\products\hastelloy-B-nickel-alloy-wire-rod.html
Fixed docs\tgm\products\hastelloy-B-nickel-alloy-wire.html
Fixed docs\tgm\products\hastelloy-B-nickel-alloy-wires.html
Fixed docs\tgm\products\hastelloy-C-2000-nickel-alloy-bars.html
Fixed docs\tgm\products\hastelloy-C-2000-nickel-alloy-capillary-tube.html
Fixed docs\tgm\products\hastelloy-C-2000-nickel-alloy-coil-tube.html
Fixed docs\tgm\products\hastelloy-C-2000-nickel-alloy-coil.html
Fixed docs\tgm\products\hastelloy-C-2000-nickel-alloy-elbow.html
Fixed docs\tgm\products\hastelloy-C-2000-nickel-alloy-filler-metal.html
Fixed docs\tgm\products\hastelloy-C-2000-nickel-alloy-fittings.html
Fixed docs\tgm\products\hastelloy-C-2000-nickel-alloy-flange.html
Fixed docs\tgm\products\hastelloy-C-2000-nickel-alloy-flat-bar.html
Fixed docs\tgm\products\hastelloy-C-2000-nickel-alloy-hexagon-bar.html
Fixed docs\tgm\products\hastelloy-C-2000-nickel-alloy-pipe-cap.html
Fixed docs\tgm\products\hastelloy-C-2000-nickel-alloy-pipes.html
Fixed docs\tgm\products\hastelloy-C-2000-nickel-alloy-plate.html
Fixed docs\tgm\products\hastelloy-C-2000-nickel-alloy-reducer.html
Fixed docs\tgm\products\hastelloy-C-2000-nickel-alloy-round-bar-rod.html
Fixed docs\tgm\products\hastelloy-C-2000-nickel-alloy-seamless-pipe-tube.html
Fixed docs\tgm\products\hastelloy-C-2000-nickel-alloy-sheet.html
Fixed docs\tgm\products\hastelloy-C-2000-nickel-alloy-sheets.html
Fixed docs\tgm\products\hastelloy-C-2000-nickel-alloy-square-bar.html
Fixed docs\tgm\products\hastelloy-C-2000-nickel-alloy-strip.html
Fixed docs\tgm\products\hastelloy-C-2000-nickel-alloy-tee.html
Fixed docs\tgm\products\hastelloy-C-2000-nickel-alloy-thick-walled-pipe.html
Fixed docs\tgm\products\hastelloy-C-2000-nickel-alloy-welded-pipe-tube.html
Fixed docs\tgm\products\hastelloy-C-2000-nickel-alloy-welding-electrode.html
Fixed docs\tgm\products\hastelloy-C-2000-nickel-alloy-wire-rod.html
Fixed docs\tgm\products\hastelloy-C-2000-nickel-alloy-wire.html
Fixed docs\tgm\products\hastelloy-C-2000-nickel-alloy-wires.html
Fixed docs\tgm\products\hastelloy-C-22-nickel-alloy-bars.html
Fixed docs\tgm\products\hastelloy-C-22-nickel-alloy-capillary-tube.html
Fixed docs\tgm\products\hastelloy-C-22-nickel-alloy-coil-tube.html
Fixed docs\tgm\products\hastelloy-C-22-nickel-alloy-coil.html
Fixed docs\tgm\products\hastelloy-C-22-nickel-alloy-elbow.html
Fixed docs\tgm\products\hastelloy-C-22-nickel-alloy-filler-metal.html
Fixed docs\tgm\products\hastelloy-C-22-nickel-alloy-fittings.html
Fixed docs\tgm\products\hastelloy-C-22-nickel-alloy-flange.html
Fixed docs\tgm\products\hastelloy-C-22-nickel-alloy-flat-bar.html
Fixed docs\tgm\products\hastelloy-C-22-nickel-alloy-hexagon-bar.html
Fixed docs\tgm\products\hastelloy-C-22-nickel-alloy-pipe-cap.html
Fixed docs\tgm\products\hastelloy-C-22-nickel-alloy-pipes.html
Fixed docs\tgm\products\hastelloy-C-22-nickel-alloy-plate.html
Fixed docs\tgm\products\hastelloy-C-22-nickel-alloy-reducer.html
Fixed docs\tgm\products\hastelloy-C-22-nickel-alloy-round-bar-rod.html
Fixed docs\tgm\products\hastelloy-C-22-nickel-alloy-seamless-pipe-tube.html
Fixed docs\tgm\products\hastelloy-C-22-nickel-alloy-sheet.html
Fixed docs\tgm\products\hastelloy-C-22-nickel-alloy-sheets.html
Fixed docs\tgm\products\hastelloy-C-22-nickel-alloy-square-bar.html
Fixed docs\tgm\products\hastelloy-C-22-nickel-alloy-strip.html
Fixed docs\tgm\products\hastelloy-C-22-nickel-alloy-tee.html
Fixed docs\tgm\products\hastelloy-C-22-nickel-alloy-thick-walled-pipe.html
Fixed docs\tgm\products\hastelloy-C-22-nickel-alloy-welded-pipe-tube.html
Fixed docs\tgm\products\hastelloy-C-22-nickel-alloy-welding-electrode.html
Fixed docs\tgm\products\hastelloy-C-22-nickel-alloy-wire-rod.html
Fixed docs\tgm\products\hastelloy-C-22-nickel-alloy-wire.html
Fixed docs\tgm\products\hastelloy-C-22-nickel-alloy-wires.html
Fixed docs\tgm\products\hastelloy-C-22HS-nickel-alloy-bars.html
Fixed docs\tgm\products\hastelloy-C-22HS-nickel-alloy-capillary-tube.html
Fixed docs\tgm\products\hastelloy-C-22HS-nickel-alloy-coil-tube.html
Fixed docs\tgm\products\hastelloy-C-22HS-nickel-alloy-coil.html
Fixed docs\tgm\products\hastelloy-C-22HS-nickel-alloy-flat-bar.html
Fixed docs\tgm\products\hastelloy-C-22HS-nickel-alloy-hexagon-bar.html
Fixed docs\tgm\products\hastelloy-C-22HS-nickel-alloy-pipes.html
Fixed docs\tgm\products\hastelloy-C-22HS-nickel-alloy-plate.html
Fixed docs\tgm\products\hastelloy-C-22HS-nickel-alloy-round-bar-rod.html
Fixed docs\tgm\products\hastelloy-C-22HS-nickel-alloy-seamless-pipe-tube.html
Fixed docs\tgm\products\hastelloy-C-22HS-nickel-alloy-sheet.html
Fixed docs\tgm\products\hastelloy-C-22HS-nickel-alloy-sheets.html
Fixed docs\tgm\products\hastelloy-C-22HS-nickel-alloy-square-bar.html
Fixed docs\tgm\products\hastelloy-C-22HS-nickel-alloy-strip.html
Fixed docs\tgm\products\hastelloy-C-22HS-nickel-alloy-thick-walled-pipe.html
Fixed docs\tgm\products\hastelloy-C-22HS-nickel-alloy-welded-pipe-tube.html
Fixed docs\tgm\products\hastelloy-C-22HS-nickel-alloy-wire-rod.html
Fixed docs\tgm\products\hastelloy-C-22HS-nickel-alloy-wire.html
Fixed docs\tgm\products\hastelloy-C-22HS-nickel-alloy-wires.html
Fixed docs\tgm\products\hastelloy-C-276-nickel-alloy-bars.html
Fixed docs\tgm\products\hastelloy-C-276-nickel-alloy-capillary-tube.html
Fixed docs\tgm\products\hastelloy-C-276-nickel-alloy-coil-tube.html
Fixed docs\tgm\products\hastelloy-C-276-nickel-alloy-coil.html
Fixed docs\tgm\products\hastelloy-C-276-nickel-alloy-elbow.html
Fixed docs\tgm\products\hastelloy-C-276-nickel-alloy-filler-metal.html
Fixed docs\tgm\products\hastelloy-C-276-nickel-alloy-fittings.html
Fixed docs\tgm\products\hastelloy-C-276-nickel-alloy-flange.html
Fixed docs\tgm\products\hastelloy-C-276-nickel-alloy-flat-bar.html
Fixed docs\tgm\products\hastelloy-C-276-nickel-alloy-hexagon-bar.html
Fixed docs\tgm\products\hastelloy-C-276-nickel-alloy-pipe-cap.html
Fixed docs\tgm\products\hastelloy-C-276-nickel-alloy-pipes.html
Fixed docs\tgm\products\hastelloy-C-276-nickel-alloy-plate.html
Fixed docs\tgm\products\hastelloy-C-276-nickel-alloy-reducer.html
Fixed docs\tgm\products\hastelloy-C-276-nickel-alloy-round-bar-rod.html
Fixed docs\tgm\products\hastelloy-C-276-nickel-alloy-seamless-pipe-tube.html
Fixed docs\tgm\products\hastelloy-C-276-nickel-alloy-sheet.html
Fixed docs\tgm\products\hastelloy-C-276-nickel-alloy-sheets.html
Fixed docs\tgm\products\hastelloy-C-276-nickel-alloy-square-bar.html
Fixed docs\tgm\products\hastelloy-C-276-nickel-alloy-strip.html
Fixed docs\tgm\products\hastelloy-C-276-nickel-alloy-tee.html
Fixed docs\tgm\products\hastelloy-C-276-nickel-alloy-thick-walled-pipe.html
Fixed docs\tgm\products\hastelloy-C-276-nickel-alloy-welded-pipe-tube.html
Fixed docs\tgm\products\hastelloy-C-276-nickel-alloy-welding-electrode.html
Fixed docs\tgm\products\hastelloy-C-276-nickel-alloy-wire-rod.html
Fixed docs\tgm\products\hastelloy-C-276-nickel-alloy-wire.html
Fixed docs\tgm\products\hastelloy-C-276-nickel-alloy-wires.html
Fixed docs\tgm\products\hastelloy-C-4-nickel-alloy-bars.html
Fixed docs\tgm\products\hastelloy-C-4-nickel-alloy-capillary-tube.html
Fixed docs\tgm\products\hastelloy-C-4-nickel-alloy-coil-tube.html
Fixed docs\tgm\products\hastelloy-C-4-nickel-alloy-coil.html
Fixed docs\tgm\products\hastelloy-C-4-nickel-alloy-elbow.html
Fixed docs\tgm\products\hastelloy-C-4-nickel-alloy-filler-metal.html
Fixed docs\tgm\products\hastelloy-C-4-nickel-alloy-fittings.html
Fixed docs\tgm\products\hastelloy-C-4-nickel-alloy-flange.html
Fixed docs\tgm\products\hastelloy-C-4-nickel-alloy-flat-bar.html
Fixed docs\tgm\products\hastelloy-C-4-nickel-alloy-hexagon-bar.html
Fixed docs\tgm\products\hastelloy-C-4-nickel-alloy-pipe-cap.html
Fixed docs\tgm\products\hastelloy-C-4-nickel-alloy-pipes.html
Fixed docs\tgm\products\hastelloy-C-4-nickel-alloy-plate.html
Fixed docs\tgm\products\hastelloy-C-4-nickel-alloy-reducer.html
Fixed docs\tgm\products\hastelloy-C-4-nickel-alloy-round-bar-rod.html
Fixed docs\tgm\products\hastelloy-C-4-nickel-alloy-seamless-pipe-tube.html
Fixed docs\tgm\products\hastelloy-C-4-nickel-alloy-sheet.html
Fixed docs\tgm\products\hastelloy-C-4-nickel-alloy-sheets.html
Fixed docs\tgm\products\hastelloy-C-4-nickel-alloy-square-bar.html
Fixed docs\tgm\products\hastelloy-C-4-nickel-alloy-strip.html
Fixed docs\tgm\products\hastelloy-C-4-nickel-alloy-tee.html
Fixed docs\tgm\products\hastelloy-C-4-nickel-alloy-thick-walled-pipe.html
Fixed docs\tgm\products\hastelloy-C-4-nickel-alloy-welded-pipe-tube.html
Fixed docs\tgm\products\hastelloy-C-4-nickel-alloy-welding-electrode.html
Fixed docs\tgm\products\hastelloy-C-4-nickel-alloy-wire-rod.html
Fixed docs\tgm\products\hastelloy-C-4-nickel-alloy-wire.html
Fixed docs\tgm\products\hastelloy-C-4-nickel-alloy-wires.html
Fixed docs\tgm\products\hastelloy-C-nickel-alloy-bars.html
Fixed docs\tgm\products\hastelloy-C-nickel-alloy-capillary-tube.html
Fixed docs\tgm\products\hastelloy-C-nickel-alloy-coil-tube.html
Fixed docs\tgm\products\hastelloy-C-nickel-alloy-coil.html
Fixed docs\tgm\products\hastelloy-C-nickel-alloy-elbow.html
Fixed docs\tgm\products\hastelloy-C-nickel-alloy-fittings.html
Fixed docs\tgm\products\hastelloy-C-nickel-alloy-flange.html
Fixed docs\tgm\products\hastelloy-C-nickel-alloy-flat-bar.html
Fixed docs\tgm\products\hastelloy-C-nickel-alloy-hexagon-bar.html
Fixed docs\tgm\products\hastelloy-C-nickel-alloy-pipe-cap.html
Fixed docs\tgm\products\hastelloy-C-nickel-alloy-pipes.html
Fixed docs\tgm\products\hastelloy-C-nickel-alloy-plate.html
Fixed docs\tgm\products\hastelloy-C-nickel-alloy-reducer.html
Fixed docs\tgm\products\hastelloy-C-nickel-alloy-round-bar-rod.html
Fixed docs\tgm\products\hastelloy-C-nickel-alloy-seamless-pipe-tube.html
Fixed docs\tgm\products\hastelloy-C-nickel-alloy-sheet.html
Fixed docs\tgm\products\hastelloy-C-nickel-alloy-sheets.html
Fixed docs\tgm\products\hastelloy-C-nickel-alloy-square-bar.html
Fixed docs\tgm\products\hastelloy-C-nickel-alloy-strip.html
Fixed docs\tgm\products\hastelloy-C-nickel-alloy-tee.html
Fixed docs\tgm\products\hastelloy-C-nickel-alloy-thick-walled-pipe.html
Fixed docs\tgm\products\hastelloy-C-nickel-alloy-welded-pipe-tube.html
Fixed docs\tgm\products\hastelloy-C-nickel-alloy-wire-rod.html
Fixed docs\tgm\products\hastelloy-C-nickel-alloy-wire.html
Fixed docs\tgm\products\hastelloy-C-nickel-alloy-wires.html
Fixed docs\tgm\products\hastelloy-G-3-nickel-alloy-bars.html
Fixed docs\tgm\products\hastelloy-G-3-nickel-alloy-capillary-tube.html
Fixed docs\tgm\products\hastelloy-G-3-nickel-alloy-coil-tube.html
Fixed docs\tgm\products\hastelloy-G-3-nickel-alloy-coil.html
Fixed docs\tgm\products\hastelloy-G-3-nickel-alloy-elbow.html
Fixed docs\tgm\products\hastelloy-G-3-nickel-alloy-filler-metal.html
Fixed docs\tgm\products\hastelloy-G-3-nickel-alloy-fittings.html
Fixed docs\tgm\products\hastelloy-G-3-nickel-alloy-flange.html
Fixed docs\tgm\products\hastelloy-G-3-nickel-alloy-flat-bar.html
Fixed docs\tgm\products\hastelloy-G-3-nickel-alloy-hexagon-bar.html
Fixed docs\tgm\products\hastelloy-G-3-nickel-alloy-pipe-cap.html
Fixed docs\tgm\products\hastelloy-G-3-nickel-alloy-pipes.html
Fixed docs\tgm\products\hastelloy-G-3-nickel-alloy-plate.html
Fixed docs\tgm\products\hastelloy-G-3-nickel-alloy-reducer.html
Fixed docs\tgm\products\hastelloy-G-3-nickel-alloy-round-bar-rod.html
Fixed docs\tgm\products\hastelloy-G-3-nickel-alloy-seamless-pipe-tube.html
Fixed docs\tgm\products\hastelloy-G-3-nickel-alloy-sheet.html
Fixed docs\tgm\products\hastelloy-G-3-nickel-alloy-sheets.html
Fixed docs\tgm\products\hastelloy-G-3-nickel-alloy-square-bar.html
Fixed docs\tgm\products\hastelloy-G-3-nickel-alloy-strip.html
Fixed docs\tgm\products\hastelloy-G-3-nickel-alloy-tee.html
Fixed docs\tgm\products\hastelloy-G-3-nickel-alloy-thick-walled-pipe.html
Fixed docs\tgm\products\hastelloy-G-3-nickel-alloy-welded-pipe-tube.html
Fixed docs\tgm\products\hastelloy-G-3-nickel-alloy-welding-electrode.html
Fixed docs\tgm\products\hastelloy-G-3-nickel-alloy-wire-rod.html
Fixed docs\tgm\products\hastelloy-G-3-nickel-alloy-wire.html
Fixed docs\tgm\products\hastelloy-G-3-nickel-alloy-wires.html
Fixed docs\tgm\products\hastelloy-G-30-nickel-alloy-bars.html
Fixed docs\tgm\products\hastelloy-G-30-nickel-alloy-capillary-tube.html
Fixed docs\tgm\products\hastelloy-G-30-nickel-alloy-coil-tube.html
Fixed docs\tgm\products\hastelloy-G-30-nickel-alloy-coil.html
Fixed docs\tgm\products\hastelloy-G-30-nickel-alloy-elbow.html
Fixed docs\tgm\products\hastelloy-G-30-nickel-alloy-filler-metal.html
Fixed docs\tgm\products\hastelloy-G-30-nickel-alloy-fittings.html
Fixed docs\tgm\products\hastelloy-G-30-nickel-alloy-flange.html
Fixed docs\tgm\products\hastelloy-G-30-nickel-alloy-flat-bar.html
Fixed docs\tgm\products\hastelloy-G-30-nickel-alloy-hexagon-bar.html
Fixed docs\tgm\products\hastelloy-G-30-nickel-alloy-pipe-cap.html
Fixed docs\tgm\products\hastelloy-G-30-nickel-alloy-pipes.html
Fixed docs\tgm\products\hastelloy-G-30-nickel-alloy-plate.html
Fixed docs\tgm\products\hastelloy-G-30-nickel-alloy-reducer.html
Fixed docs\tgm\products\hastelloy-G-30-nickel-alloy-round-bar-rod.html
Fixed docs\tgm\products\hastelloy-G-30-nickel-alloy-seamless-pipe-tube.html
Fixed docs\tgm\products\hastelloy-G-30-nickel-alloy-sheet.html
Fixed docs\tgm\products\hastelloy-G-30-nickel-alloy-sheets.html
Fixed docs\tgm\products\hastelloy-G-30-nickel-alloy-square-bar.html
Fixed docs\tgm\products\hastelloy-G-30-nickel-alloy-strip.html
Fixed docs\tgm\products\hastelloy-G-30-nickel-alloy-tee.html
Fixed docs\tgm\products\hastelloy-G-30-nickel-alloy-thick-walled-pipe.html
Fixed docs\tgm\products\hastelloy-G-30-nickel-alloy-welded-pipe-tube.html
Fixed docs\tgm\products\hastelloy-G-30-nickel-alloy-welding-electrode.html
Fixed docs\tgm\products\hastelloy-G-30-nickel-alloy-wire-rod.html
Fixed docs\tgm\products\hastelloy-G-30-nickel-alloy-wire.html
Fixed docs\tgm\products\hastelloy-G-30-nickel-alloy-wires.html
Fixed docs\tgm\products\hastelloy-G-35-nickel-alloy-bars.html
Fixed docs\tgm\products\hastelloy-G-35-nickel-alloy-capillary-tube.html
Fixed docs\tgm\products\hastelloy-G-35-nickel-alloy-coil-tube.html
Fixed docs\tgm\products\hastelloy-G-35-nickel-alloy-coil.html
Fixed docs\tgm\products\hastelloy-G-35-nickel-alloy-elbow.html
Fixed docs\tgm\products\hastelloy-G-35-nickel-alloy-filler-metal.html
Fixed docs\tgm\products\hastelloy-G-35-nickel-alloy-fittings.html
Fixed docs\tgm\products\hastelloy-G-35-nickel-alloy-flange.html
Fixed docs\tgm\products\hastelloy-G-35-nickel-alloy-flat-bar.html
Fixed docs\tgm\products\hastelloy-G-35-nickel-alloy-hexagon-bar.html
Fixed docs\tgm\products\hastelloy-G-35-nickel-alloy-pipe-cap.html
Fixed docs\tgm\products\hastelloy-G-35-nickel-alloy-pipes.html
Fixed docs\tgm\products\hastelloy-G-35-nickel-alloy-plate.html
Fixed docs\tgm\products\hastelloy-G-35-nickel-alloy-reducer.html
Fixed docs\tgm\products\hastelloy-G-35-nickel-alloy-round-bar-rod.html
Fixed docs\tgm\products\hastelloy-G-35-nickel-alloy-seamless-pipe-tube.html
Fixed docs\tgm\products\hastelloy-G-35-nickel-alloy-sheet.html
Fixed docs\tgm\products\hastelloy-G-35-nickel-alloy-sheets.html
Fixed docs\tgm\products\hastelloy-G-35-nickel-alloy-square-bar.html
Fixed docs\tgm\products\hastelloy-G-35-nickel-alloy-strip.html
Fixed docs\tgm\products\hastelloy-G-35-nickel-alloy-tee.html
Fixed docs\tgm\products\hastelloy-G-35-nickel-alloy-thick-walled-pipe.html
Fixed docs\tgm\products\hastelloy-G-35-nickel-alloy-welded-pipe-tube.html
Fixed docs\tgm\products\hastelloy-G-35-nickel-alloy-welding-electrode.html
Fixed docs\tgm\products\hastelloy-G-35-nickel-alloy-wire-rod.html
Fixed docs\tgm\products\hastelloy-G-35-nickel-alloy-wire.html
Fixed docs\tgm\products\hastelloy-G-35-nickel-alloy-wires.html
Fixed docs\tgm\products\hastelloy-N-nickel-alloy-bars.html
Fixed docs\tgm\products\hastelloy-N-nickel-alloy-capillary-tube.html
Fixed docs\tgm\products\hastelloy-N-nickel-alloy-coil-tube.html
Fixed docs\tgm\products\hastelloy-N-nickel-alloy-coil.html
Fixed docs\tgm\products\hastelloy-N-nickel-alloy-elbow.html
Fixed docs\tgm\products\hastelloy-N-nickel-alloy-filler-metal.html
Fixed docs\tgm\products\hastelloy-N-nickel-alloy-fittings.html
Fixed docs\tgm\products\hastelloy-N-nickel-alloy-flange.html
Fixed docs\tgm\products\hastelloy-N-nickel-alloy-flat-bar.html
Fixed docs\tgm\products\hastelloy-N-nickel-alloy-hexagon-bar.html
Fixed docs\tgm\products\hastelloy-N-nickel-alloy-pipe-cap.html
Fixed docs\tgm\products\hastelloy-N-nickel-alloy-pipes.html
Fixed docs\tgm\products\hastelloy-N-nickel-alloy-plate.html
Fixed docs\tgm\products\hastelloy-N-nickel-alloy-reducer.html
Fixed docs\tgm\products\hastelloy-N-nickel-alloy-round-bar-rod.html
Fixed docs\tgm\products\hastelloy-N-nickel-alloy-seamless-pipe-tube.html
Fixed docs\tgm\products\hastelloy-N-nickel-alloy-sheet.html
Fixed docs\tgm\products\hastelloy-N-nickel-alloy-sheets.html
Fixed docs\tgm\products\hastelloy-N-nickel-alloy-square-bar.html
Fixed docs\tgm\products\hastelloy-N-nickel-alloy-strip.html
Fixed docs\tgm\products\hastelloy-N-nickel-alloy-tee.html
Fixed docs\tgm\products\hastelloy-N-nickel-alloy-thick-walled-pipe.html
Fixed docs\tgm\products\hastelloy-N-nickel-alloy-welded-pipe-tube.html
Fixed docs\tgm\products\hastelloy-N-nickel-alloy-wire-rod.html
Fixed docs\tgm\products\hastelloy-N-nickel-alloy-wire.html
Fixed docs\tgm\products\hastelloy-N-nickel-alloy-wires.html
Fixed docs\tgm\products\hastelloy-S-nickel-alloy-bars.html
Fixed docs\tgm\products\hastelloy-S-nickel-alloy-capillary-tube.html
Fixed docs\tgm\products\hastelloy-S-nickel-alloy-coil-tube.html
Fixed docs\tgm\products\hastelloy-S-nickel-alloy-coil.html
Fixed docs\tgm\products\hastelloy-S-nickel-alloy-flat-bar.html
Fixed docs\tgm\products\hastelloy-S-nickel-alloy-hexagon-bar.html
Fixed docs\tgm\products\hastelloy-S-nickel-alloy-pipes.html
Fixed docs\tgm\products\hastelloy-S-nickel-alloy-plate.html
Fixed docs\tgm\products\hastelloy-S-nickel-alloy-round-bar-rod.html
Fixed docs\tgm\products\hastelloy-S-nickel-alloy-seamless-pipe-tube.html
Fixed docs\tgm\products\hastelloy-S-nickel-alloy-sheet.html
Fixed docs\tgm\products\hastelloy-S-nickel-alloy-sheets.html
Fixed docs\tgm\products\hastelloy-S-nickel-alloy-square-bar.html
Fixed docs\tgm\products\hastelloy-S-nickel-alloy-strip.html
Fixed docs\tgm\products\hastelloy-S-nickel-alloy-thick-walled-pipe.html
Fixed docs\tgm\products\hastelloy-S-nickel-alloy-welded-pipe-tube.html
Fixed docs\tgm\products\hastelloy-S-nickel-alloy-wire-rod.html
Fixed docs\tgm\products\hastelloy-S-nickel-alloy-wire.html
Fixed docs\tgm\products\hastelloy-S-nickel-alloy-wires.html
Fixed docs\tgm\products\hastelloy-W-nickel-alloy-bars.html
Fixed docs\tgm\products\hastelloy-W-nickel-alloy-filler-metal.html
Fixed docs\tgm\products\hastelloy-W-nickel-alloy-flat-bar.html
Fixed docs\tgm\products\hastelloy-W-nickel-alloy-hexagon-bar.html
Fixed docs\tgm\products\hastelloy-W-nickel-alloy-round-bar-rod.html
Fixed docs\tgm\products\hastelloy-W-nickel-alloy-square-bar.html
Fixed docs\tgm\products\hastelloy-W-nickel-alloy-wire-rod.html
Fixed docs\tgm\products\hastelloy-W-nickel-alloy-wire.html
Fixed docs\tgm\products\hastelloy-W-nickel-alloy-wires.html
Fixed docs\tgm\products\hastelloy-X-nickel-alloy-bars.html
Fixed docs\tgm\products\hastelloy-X-nickel-alloy-capillary-tube.html
Fixed docs\tgm\products\hastelloy-X-nickel-alloy-coil-tube.html
Fixed docs\tgm\products\hastelloy-X-nickel-alloy-coil.html
Fixed docs\tgm\products\hastelloy-X-nickel-alloy-elbow.html
Fixed docs\tgm\products\hastelloy-X-nickel-alloy-filler-metal.html
Fixed docs\tgm\products\hastelloy-X-nickel-alloy-fittings.html
Fixed docs\tgm\products\hastelloy-X-nickel-alloy-flange.html
Fixed docs\tgm\products\hastelloy-X-nickel-alloy-flat-bar.html
Fixed docs\tgm\products\hastelloy-X-nickel-alloy-hexagon-bar.html
Fixed docs\tgm\products\hastelloy-X-nickel-alloy-pipe-cap.html
Fixed docs\tgm\products\hastelloy-X-nickel-alloy-pipes.html
Fixed docs\tgm\products\hastelloy-X-nickel-alloy-plate.html
Fixed docs\tgm\products\hastelloy-X-nickel-alloy-reducer.html
Fixed docs\tgm\products\hastelloy-X-nickel-alloy-round-bar-rod.html
Fixed docs\tgm\products\hastelloy-X-nickel-alloy-seamless-pipe-tube.html
Fixed docs\tgm\products\hastelloy-X-nickel-alloy-sheet.html
Fixed docs\tgm\products\hastelloy-X-nickel-alloy-sheets.html
Fixed docs\tgm\products\hastelloy-X-nickel-alloy-square-bar.html
Fixed docs\tgm\products\hastelloy-X-nickel-alloy-strip.html
Fixed docs\tgm\products\hastelloy-X-nickel-alloy-tee.html
Fixed docs\tgm\products\hastelloy-X-nickel-alloy-thick-walled-pipe.html
Fixed docs\tgm\products\hastelloy-X-nickel-alloy-welded-pipe-tube.html
Fixed docs\tgm\products\hastelloy-X-nickel-alloy-welding-electrode.html
Fixed docs\tgm\products\hastelloy-X-nickel-alloy-wire-rod.html
Fixed docs\tgm\products\hastelloy-X-nickel-alloy-wire.html
Fixed docs\tgm\products\hastelloy-X-nickel-alloy-wires.html
Fixed docs\tgm\products\incoloy-020-nickel-alloy-bars.html
Fixed docs\tgm\products\incoloy-020-nickel-alloy-capillary-tube.html
Fixed docs\tgm\products\incoloy-020-nickel-alloy-coil-tube.html
Fixed docs\tgm\products\incoloy-020-nickel-alloy-coil.html
Fixed docs\tgm\products\incoloy-020-nickel-alloy-elbow.html
Fixed docs\tgm\products\incoloy-020-nickel-alloy-fittings.html
Fixed docs\tgm\products\incoloy-020-nickel-alloy-flange.html
Fixed docs\tgm\products\incoloy-020-nickel-alloy-flat-bar.html
Fixed docs\tgm\products\incoloy-020-nickel-alloy-hexagon-bar.html
Fixed docs\tgm\products\incoloy-020-nickel-alloy-pipe-cap.html
Fixed docs\tgm\products\incoloy-020-nickel-alloy-pipes.html
Fixed docs\tgm\products\incoloy-020-nickel-alloy-plate.html
Fixed docs\tgm\products\incoloy-020-nickel-alloy-reducer.html
Fixed docs\tgm\products\incoloy-020-nickel-alloy-round-bar-rod.html
Fixed docs\tgm\products\incoloy-020-nickel-alloy-seamless-pipe-tube.html
Fixed docs\tgm\products\incoloy-020-nickel-alloy-sheet.html
Fixed docs\tgm\products\incoloy-020-nickel-alloy-sheets.html
Fixed docs\tgm\products\incoloy-020-nickel-alloy-square-bar.html
Fixed docs\tgm\products\incoloy-020-nickel-alloy-strip.html
Fixed docs\tgm\products\incoloy-020-nickel-alloy-tee.html
Fixed docs\tgm\products\incoloy-020-nickel-alloy-thick-walled-pipe.html
Fixed docs\tgm\products\incoloy-020-nickel-alloy-welded-pipe-tube.html
Fixed docs\tgm\products\incoloy-020-nickel-alloy-wire-rod.html
Fixed docs\tgm\products\incoloy-020-nickel-alloy-wire.html
Fixed docs\tgm\products\incoloy-020-nickel-alloy-wires.html
Fixed docs\tgm\products\incoloy-028-nickel-alloy-bars.html
Fixed docs\tgm\products\incoloy-028-nickel-alloy-capillary-tube.html
Fixed docs\tgm\products\incoloy-028-nickel-alloy-coil-tube.html
Fixed docs\tgm\products\incoloy-028-nickel-alloy-coil.html
Fixed docs\tgm\products\incoloy-028-nickel-alloy-elbow.html
Fixed docs\tgm\products\incoloy-028-nickel-alloy-fittings.html
Fixed docs\tgm\products\incoloy-028-nickel-alloy-flange.html
Fixed docs\tgm\products\incoloy-028-nickel-alloy-flat-bar.html
Fixed docs\tgm\products\incoloy-028-nickel-alloy-hexagon-bar.html
Fixed docs\tgm\products\incoloy-028-nickel-alloy-pipe-cap.html
Fixed docs\tgm\products\incoloy-028-nickel-alloy-pipes.html
Fixed docs\tgm\products\incoloy-028-nickel-alloy-plate.html
Fixed docs\tgm\products\incoloy-028-nickel-alloy-reducer.html
Fixed docs\tgm\products\incoloy-028-nickel-alloy-round-bar-rod.html
Fixed docs\tgm\products\incoloy-028-nickel-alloy-seamless-pipe-tube.html
Fixed docs\tgm\products\incoloy-028-nickel-alloy-sheet.html
Fixed docs\tgm\products\incoloy-028-nickel-alloy-sheets.html
Fixed docs\tgm\products\incoloy-028-nickel-alloy-square-bar.html
Fixed docs\tgm\products\incoloy-028-nickel-alloy-strip.html
Fixed docs\tgm\products\incoloy-028-nickel-alloy-tee.html
Fixed docs\tgm\products\incoloy-028-nickel-alloy-thick-walled-pipe.html
Fixed docs\tgm\products\incoloy-028-nickel-alloy-welded-pipe-tube.html
Fixed docs\tgm\products\incoloy-028-nickel-alloy-wire-rod.html
Fixed docs\tgm\products\incoloy-028-nickel-alloy-wire.html
Fixed docs\tgm\products\incoloy-028-nickel-alloy-wires.html
Fixed docs\tgm\products\incoloy-25-6HN-nickel-alloy-bars.html
Fixed docs\tgm\products\incoloy-25-6HN-nickel-alloy-capillary-tube.html
Fixed docs\tgm\products\incoloy-25-6HN-nickel-alloy-coil-tube.html
Fixed docs\tgm\products\incoloy-25-6HN-nickel-alloy-coil.html
Fixed docs\tgm\products\incoloy-25-6HN-nickel-alloy-elbow.html
Fixed docs\tgm\products\incoloy-25-6HN-nickel-alloy-fittings.html
Fixed docs\tgm\products\incoloy-25-6HN-nickel-alloy-flange.html
Fixed docs\tgm\products\incoloy-25-6HN-nickel-alloy-flat-bar.html
Fixed docs\tgm\products\incoloy-25-6HN-nickel-alloy-hexagon-bar.html
Fixed docs\tgm\products\incoloy-25-6HN-nickel-alloy-pipe-cap.html
Fixed docs\tgm\products\incoloy-25-6HN-nickel-alloy-pipes.html
Fixed docs\tgm\products\incoloy-25-6HN-nickel-alloy-plate.html
Fixed docs\tgm\products\incoloy-25-6HN-nickel-alloy-reducer.html
Fixed docs\tgm\products\incoloy-25-6HN-nickel-alloy-round-bar-rod.html
Fixed docs\tgm\products\incoloy-25-6HN-nickel-alloy-seamless-pipe-tube.html
Fixed docs\tgm\products\incoloy-25-6HN-nickel-alloy-sheet.html
Fixed docs\tgm\products\incoloy-25-6HN-nickel-alloy-sheets.html
Fixed docs\tgm\products\incoloy-25-6HN-nickel-alloy-square-bar.html
Fixed docs\tgm\products\incoloy-25-6HN-nickel-alloy-strip.html
Fixed docs\tgm\products\incoloy-25-6HN-nickel-alloy-tee.html
Fixed docs\tgm\products\incoloy-25-6HN-nickel-alloy-thick-walled-pipe.html
Fixed docs\tgm\products\incoloy-25-6HN-nickel-alloy-welded-pipe-tube.html
Fixed docs\tgm\products\incoloy-25-6HN-nickel-alloy-wire-rod.html
Fixed docs\tgm\products\incoloy-25-6HN-nickel-alloy-wire.html
Fixed docs\tgm\products\incoloy-25-6HN-nickel-alloy-wires.html
Fixed docs\tgm\products\incoloy-27-7MO-nickel-alloy-bars.html
Fixed docs\tgm\products\incoloy-27-7MO-nickel-alloy-capillary-tube.html
Fixed docs\tgm\products\incoloy-27-7MO-nickel-alloy-coil-tube.html
Fixed docs\tgm\products\incoloy-27-7MO-nickel-alloy-coil.html
Fixed docs\tgm\products\incoloy-27-7MO-nickel-alloy-elbow.html
Fixed docs\tgm\products\incoloy-27-7MO-nickel-alloy-fittings.html
Fixed docs\tgm\products\incoloy-27-7MO-nickel-alloy-flange.html
Fixed docs\tgm\products\incoloy-27-7MO-nickel-alloy-flat-bar.html
Fixed docs\tgm\products\incoloy-27-7MO-nickel-alloy-hexagon-bar.html
Fixed docs\tgm\products\incoloy-27-7MO-nickel-alloy-pipe-cap.html
Fixed docs\tgm\products\incoloy-27-7MO-nickel-alloy-pipes.html
Fixed docs\tgm\products\incoloy-27-7MO-nickel-alloy-plate.html
Fixed docs\tgm\products\incoloy-27-7MO-nickel-alloy-reducer.html
Fixed docs\tgm\products\incoloy-27-7MO-nickel-alloy-round-bar-rod.html
Fixed docs\tgm\products\incoloy-27-7MO-nickel-alloy-seamless-pipe-tube.html
Fixed docs\tgm\products\incoloy-27-7MO-nickel-alloy-sheet.html
Fixed docs\tgm\products\incoloy-27-7MO-nickel-alloy-sheets.html
Fixed docs\tgm\products\incoloy-27-7MO-nickel-alloy-square-bar.html
Fixed docs\tgm\products\incoloy-27-7MO-nickel-alloy-strip.html
Fixed docs\tgm\products\incoloy-27-7MO-nickel-alloy-tee.html
Fixed docs\tgm\products\incoloy-27-7MO-nickel-alloy-thick-walled-pipe.html
Fixed docs\tgm\products\incoloy-27-7MO-nickel-alloy-welded-pipe-tube.html
Fixed docs\tgm\products\incoloy-27-7MO-nickel-alloy-wire-rod.html
Fixed docs\tgm\products\incoloy-27-7MO-nickel-alloy-wire.html
Fixed docs\tgm\products\incoloy-27-7MO-nickel-alloy-wires.html
Fixed docs\tgm\products\incoloy-330-nickel-alloy-bars.html
Fixed docs\tgm\products\incoloy-330-nickel-alloy-capillary-tube.html
Fixed docs\tgm\products\incoloy-330-nickel-alloy-coil-tube.html
Fixed docs\tgm\products\incoloy-330-nickel-alloy-coil.html
Fixed docs\tgm\products\incoloy-330-nickel-alloy-elbow.html
Fixed docs\tgm\products\incoloy-330-nickel-alloy-fittings.html
Fixed docs\tgm\products\incoloy-330-nickel-alloy-flange.html
Fixed docs\tgm\products\incoloy-330-nickel-alloy-flat-bar.html
Fixed docs\tgm\products\incoloy-330-nickel-alloy-hexagon-bar.html
Fixed docs\tgm\products\incoloy-330-nickel-alloy-pipe-cap.html
Fixed docs\tgm\products\incoloy-330-nickel-alloy-pipes.html
Fixed docs\tgm\products\incoloy-330-nickel-alloy-plate.html
Fixed docs\tgm\products\incoloy-330-nickel-alloy-reducer.html
Fixed docs\tgm\products\incoloy-330-nickel-alloy-round-bar-rod.html
Fixed docs\tgm\products\incoloy-330-nickel-alloy-seamless-pipe-tube.html
Fixed docs\tgm\products\incoloy-330-nickel-alloy-sheet.html
Fixed docs\tgm\products\incoloy-330-nickel-alloy-sheets.html
Fixed docs\tgm\products\incoloy-330-nickel-alloy-square-bar.html
Fixed docs\tgm\products\incoloy-330-nickel-alloy-strip.html
Fixed docs\tgm\products\incoloy-330-nickel-alloy-tee.html
Fixed docs\tgm\products\incoloy-330-nickel-alloy-thick-walled-pipe.html
Fixed docs\tgm\products\incoloy-330-nickel-alloy-welded-pipe-tube.html
Fixed docs\tgm\products\incoloy-330-nickel-alloy-wire-rod.html
Fixed docs\tgm\products\incoloy-330-nickel-alloy-wire.html
Fixed docs\tgm\products\incoloy-330-nickel-alloy-wires.html
Fixed docs\tgm\products\incoloy-800-nickel-alloy-bars.html
Fixed docs\tgm\products\incoloy-800-nickel-alloy-capillary-tube.html
Fixed docs\tgm\products\incoloy-800-nickel-alloy-coil-tube.html
Fixed docs\tgm\products\incoloy-800-nickel-alloy-coil.html
Fixed docs\tgm\products\incoloy-800-nickel-alloy-elbow.html
Fixed docs\tgm\products\incoloy-800-nickel-alloy-fittings.html
Fixed docs\tgm\products\incoloy-800-nickel-alloy-flange.html
Fixed docs\tgm\products\incoloy-800-nickel-alloy-flat-bar.html
Fixed docs\tgm\products\incoloy-800-nickel-alloy-hexagon-bar.html
Fixed docs\tgm\products\incoloy-800-nickel-alloy-pipe-cap.html
Fixed docs\tgm\products\incoloy-800-nickel-alloy-pipes.html
Fixed docs\tgm\products\incoloy-800-nickel-alloy-plate.html
Fixed docs\tgm\products\incoloy-800-nickel-alloy-reducer.html
Fixed docs\tgm\products\incoloy-800-nickel-alloy-round-bar-rod.html
Fixed docs\tgm\products\incoloy-800-nickel-alloy-seamless-pipe-tube.html
Fixed docs\tgm\products\incoloy-800-nickel-alloy-sheet.html
Fixed docs\tgm\products\incoloy-800-nickel-alloy-sheets.html
Fixed docs\tgm\products\incoloy-800-nickel-alloy-square-bar.html
Fixed docs\tgm\products\incoloy-800-nickel-alloy-strip.html
Fixed docs\tgm\products\incoloy-800-nickel-alloy-tee.html
Fixed docs\tgm\products\incoloy-800-nickel-alloy-thick-walled-pipe.html
Fixed docs\tgm\products\incoloy-800-nickel-alloy-welded-pipe-tube.html
Fixed docs\tgm\products\incoloy-800-nickel-alloy-wire-rod.html
Fixed docs\tgm\products\incoloy-800-nickel-alloy-wire.html
Fixed docs\tgm\products\incoloy-800-nickel-alloy-wires.html
Fixed docs\tgm\products\incoloy-800H-nickel-alloy-bars.html
Fixed docs\tgm\products\incoloy-800H-nickel-alloy-capillary-tube.html
Fixed docs\tgm\products\incoloy-800H-nickel-alloy-coil-tube.html
Fixed docs\tgm\products\incoloy-800H-nickel-alloy-coil.html
Fixed docs\tgm\products\incoloy-800H-nickel-alloy-elbow.html
Fixed docs\tgm\products\incoloy-800H-nickel-alloy-fittings.html
Fixed docs\tgm\products\incoloy-800H-nickel-alloy-flange.html
Fixed docs\tgm\products\incoloy-800H-nickel-alloy-flat-bar.html
Fixed docs\tgm\products\incoloy-800H-nickel-alloy-hexagon-bar.html
Fixed docs\tgm\products\incoloy-800H-nickel-alloy-pipe-cap.html
Fixed docs\tgm\products\incoloy-800H-nickel-alloy-pipes.html
Fixed docs\tgm\products\incoloy-800H-nickel-alloy-plate.html
Fixed docs\tgm\products\incoloy-800H-nickel-alloy-reducer.html
Fixed docs\tgm\products\incoloy-800H-nickel-alloy-round-bar-rod.html
Fixed docs\tgm\products\incoloy-800H-nickel-alloy-seamless-pipe-tube.html
Fixed docs\tgm\products\incoloy-800H-nickel-alloy-sheet.html
Fixed docs\tgm\products\incoloy-800H-nickel-alloy-sheets.html
Fixed docs\tgm\products\incoloy-800H-nickel-alloy-square-bar.html
Fixed docs\tgm\products\incoloy-800H-nickel-alloy-strip.html
Fixed docs\tgm\products\incoloy-800H-nickel-alloy-tee.html
Fixed docs\tgm\products\incoloy-800H-nickel-alloy-thick-walled-pipe.html
Fixed docs\tgm\products\incoloy-800H-nickel-alloy-welded-pipe-tube.html
Fixed docs\tgm\products\incoloy-800H-nickel-alloy-wire-rod.html
Fixed docs\tgm\products\incoloy-800H-nickel-alloy-wire.html
Fixed docs\tgm\products\incoloy-800H-nickel-alloy-wires.html
Fixed docs\tgm\products\incoloy-800HT-nickel-alloy-bars.html
Fixed docs\tgm\products\incoloy-800HT-nickel-alloy-capillary-tube.html
Fixed docs\tgm\products\incoloy-800HT-nickel-alloy-coil-tube.html
Fixed docs\tgm\products\incoloy-800HT-nickel-alloy-coil.html
Fixed docs\tgm\products\incoloy-800HT-nickel-alloy-elbow.html
Fixed docs\tgm\products\incoloy-800HT-nickel-alloy-fittings.html
Fixed docs\tgm\products\incoloy-800HT-nickel-alloy-flange.html
Fixed docs\tgm\products\incoloy-800HT-nickel-alloy-flat-bar.html
Fixed docs\tgm\products\incoloy-800HT-nickel-alloy-hexagon-bar.html
Fixed docs\tgm\products\incoloy-800HT-nickel-alloy-pipe-cap.html
Fixed docs\tgm\products\incoloy-800HT-nickel-alloy-pipes.html
Fixed docs\tgm\products\incoloy-800HT-nickel-alloy-plate.html
Fixed docs\tgm\products\incoloy-800HT-nickel-alloy-reducer.html
Fixed docs\tgm\products\incoloy-800HT-nickel-alloy-round-bar-rod.html
Fixed docs\tgm\products\incoloy-800HT-nickel-alloy-seamless-pipe-tube.html
Fixed docs\tgm\products\incoloy-800HT-nickel-alloy-sheet.html
Fixed docs\tgm\products\incoloy-800HT-nickel-alloy-sheets.html
Fixed docs\tgm\products\incoloy-800HT-nickel-alloy-square-bar.html
Fixed docs\tgm\products\incoloy-800HT-nickel-alloy-strip.html
Fixed docs\tgm\products\incoloy-800HT-nickel-alloy-tee.html
Fixed docs\tgm\products\incoloy-800HT-nickel-alloy-thick-walled-pipe.html
Fixed docs\tgm\products\incoloy-800HT-nickel-alloy-welded-pipe-tube.html
Fixed docs\tgm\products\incoloy-800HT-nickel-alloy-wire-rod.html
Fixed docs\tgm\products\incoloy-800HT-nickel-alloy-wire.html
Fixed docs\tgm\products\incoloy-800HT-nickel-alloy-wires.html
Fixed docs\tgm\products\incoloy-803-nickel-alloy-coil.html
Fixed docs\tgm\products\incoloy-803-nickel-alloy-pipes.html
Fixed docs\tgm\products\incoloy-803-nickel-alloy-plate.html
Fixed docs\tgm\products\incoloy-803-nickel-alloy-seamless-pipe-tube.html
Fixed docs\tgm\products\incoloy-803-nickel-alloy-sheet.html
Fixed docs\tgm\products\incoloy-803-nickel-alloy-sheets.html
Fixed docs\tgm\products\incoloy-803-nickel-alloy-strip.html
Fixed docs\tgm\products\incoloy-803-nickel-alloy-thick-walled-pipe.html
Fixed docs\tgm\products\incoloy-803-nickel-alloy-welded-pipe-tube.html
Fixed docs\tgm\products\incoloy-825-nickel-alloy-bars.html
Fixed docs\tgm\products\incoloy-825-nickel-alloy-capillary-tube.html
Fixed docs\tgm\products\incoloy-825-nickel-alloy-coil-tube.html
Fixed docs\tgm\products\incoloy-825-nickel-alloy-coil.html
Fixed docs\tgm\products\incoloy-825-nickel-alloy-elbow.html
Fixed docs\tgm\products\incoloy-825-nickel-alloy-filler-metal.html
Fixed docs\tgm\products\incoloy-825-nickel-alloy-fittings.html
Fixed docs\tgm\products\incoloy-825-nickel-alloy-flange.html
Fixed docs\tgm\products\incoloy-825-nickel-alloy-flat-bar.html
Fixed docs\tgm\products\incoloy-825-nickel-alloy-hexagon-bar.html
Fixed docs\tgm\products\incoloy-825-nickel-alloy-pipe-cap.html
Fixed docs\tgm\products\incoloy-825-nickel-alloy-pipes.html
Fixed docs\tgm\products\incoloy-825-nickel-alloy-plate.html
Fixed docs\tgm\products\incoloy-825-nickel-alloy-reducer.html
Fixed docs\tgm\products\incoloy-825-nickel-alloy-round-bar-rod.html
Fixed docs\tgm\products\incoloy-825-nickel-alloy-seamless-pipe-tube.html
Fixed docs\tgm\products\incoloy-825-nickel-alloy-sheet.html
Fixed docs\tgm\products\incoloy-825-nickel-alloy-sheets.html
Fixed docs\tgm\products\incoloy-825-nickel-alloy-square-bar.html
Fixed docs\tgm\products\incoloy-825-nickel-alloy-strip.html
Fixed docs\tgm\products\incoloy-825-nickel-alloy-tee.html
Fixed docs\tgm\products\incoloy-825-nickel-alloy-thick-walled-pipe.html
Fixed docs\tgm\products\incoloy-825-nickel-alloy-welded-pipe-tube.html
Fixed docs\tgm\products\incoloy-825-nickel-alloy-wire-rod.html
Fixed docs\tgm\products\incoloy-825-nickel-alloy-wire.html
Fixed docs\tgm\products\incoloy-825-nickel-alloy-wires.html
Fixed docs\tgm\products\incoloy-832-nickel-alloy-sheets.html
Fixed docs\tgm\products\incoloy-832-nickel-alloy-strip.html
Fixed docs\tgm\products\incoloy-864-nickel-alloy-coil.html
Fixed docs\tgm\products\incoloy-864-nickel-alloy-plate.html
Fixed docs\tgm\products\incoloy-864-nickel-alloy-sheet.html
Fixed docs\tgm\products\incoloy-864-nickel-alloy-sheets.html
Fixed docs\tgm\products\incoloy-864-nickel-alloy-strip.html
Fixed docs\tgm\products\incoloy-890-nickel-alloy-bars.html
Fixed docs\tgm\products\incoloy-890-nickel-alloy-capillary-tube.html
Fixed docs\tgm\products\incoloy-890-nickel-alloy-coil-tube.html
Fixed docs\tgm\products\incoloy-890-nickel-alloy-coil.html
Fixed docs\tgm\products\incoloy-890-nickel-alloy-elbow.html
Fixed docs\tgm\products\incoloy-890-nickel-alloy-fittings.html
Fixed docs\tgm\products\incoloy-890-nickel-alloy-flange.html
Fixed docs\tgm\products\incoloy-890-nickel-alloy-flat-bar.html
Fixed docs\tgm\products\incoloy-890-nickel-alloy-hexagon-bar.html
Fixed docs\tgm\products\incoloy-890-nickel-alloy-pipe-cap.html
Fixed docs\tgm\products\incoloy-890-nickel-alloy-pipes.html
Fixed docs\tgm\products\incoloy-890-nickel-alloy-plate.html
Fixed docs\tgm\products\incoloy-890-nickel-alloy-reducer.html
Fixed docs\tgm\products\incoloy-890-nickel-alloy-round-bar-rod.html
Fixed docs\tgm\products\incoloy-890-nickel-alloy-seamless-pipe-tube.html
Fixed docs\tgm\products\incoloy-890-nickel-alloy-sheet.html
Fixed docs\tgm\products\incoloy-890-nickel-alloy-sheets.html
Fixed docs\tgm\products\incoloy-890-nickel-alloy-square-bar.html
Fixed docs\tgm\products\incoloy-890-nickel-alloy-strip.html
Fixed docs\tgm\products\incoloy-890-nickel-alloy-tee.html
Fixed docs\tgm\products\incoloy-890-nickel-alloy-thick-walled-pipe.html
Fixed docs\tgm\products\incoloy-890-nickel-alloy-welded-pipe-tube.html
Fixed docs\tgm\products\incoloy-890-nickel-alloy-wire-rod.html
Fixed docs\tgm\products\incoloy-890-nickel-alloy-wire.html
Fixed docs\tgm\products\incoloy-890-nickel-alloy-wires.html
Fixed docs\tgm\products\incoloy-903-nickel-alloy-bars.html
Fixed docs\tgm\products\incoloy-903-nickel-alloy-coil.html
Fixed docs\tgm\products\incoloy-903-nickel-alloy-flat-bar.html
Fixed docs\tgm\products\incoloy-903-nickel-alloy-hexagon-bar.html
Fixed docs\tgm\products\incoloy-903-nickel-alloy-plate.html
Fixed docs\tgm\products\incoloy-903-nickel-alloy-round-bar-rod.html
Fixed docs\tgm\products\incoloy-903-nickel-alloy-sheet.html
Fixed docs\tgm\products\incoloy-903-nickel-alloy-sheets.html
Fixed docs\tgm\products\incoloy-903-nickel-alloy-square-bar.html
Fixed docs\tgm\products\incoloy-903-nickel-alloy-strip.html
Fixed docs\tgm\products\incoloy-907-nickel-alloy-bars.html
Fixed docs\tgm\products\incoloy-907-nickel-alloy-round-bar-rod.html
Fixed docs\tgm\products\incoloy-908-nickel-alloy-coil.html
Fixed docs\tgm\products\incoloy-908-nickel-alloy-plate.html
Fixed docs\tgm\products\incoloy-908-nickel-alloy-sheet.html
Fixed docs\tgm\products\incoloy-908-nickel-alloy-sheets.html
Fixed docs\tgm\products\incoloy-908-nickel-alloy-strip.html
Fixed docs\tgm\products\incoloy-909-nickel-alloy-bars.html
Fixed docs\tgm\products\incoloy-909-nickel-alloy-flat-bar.html
Fixed docs\tgm\products\incoloy-909-nickel-alloy-hexagon-bar.html
Fixed docs\tgm\products\incoloy-909-nickel-alloy-round-bar-rod.html
Fixed docs\tgm\products\incoloy-909-nickel-alloy-sheet.html
Fixed docs\tgm\products\incoloy-909-nickel-alloy-sheets.html
Fixed docs\tgm\products\incoloy-909-nickel-alloy-square-bar.html
Fixed docs\tgm\products\incoloy-909-nickel-alloy-strip.html
Fixed docs\tgm\products\incoloy-925-nickel-alloy-bars.html
Fixed docs\tgm\products\incoloy-925-nickel-alloy-coil.html
Fixed docs\tgm\products\incoloy-925-nickel-alloy-elbow.html
Fixed docs\tgm\products\incoloy-925-nickel-alloy-fittings.html
Fixed docs\tgm\products\incoloy-925-nickel-alloy-flange.html
Fixed docs\tgm\products\incoloy-925-nickel-alloy-flat-bar.html
Fixed docs\tgm\products\incoloy-925-nickel-alloy-pipe-cap.html
Fixed docs\tgm\products\incoloy-925-nickel-alloy-pipes.html
Fixed docs\tgm\products\incoloy-925-nickel-alloy-plate.html
Fixed docs\tgm\products\incoloy-925-nickel-alloy-reducer.html
Fixed docs\tgm\products\incoloy-925-nickel-alloy-round-bar-rod.html
Fixed docs\tgm\products\incoloy-925-nickel-alloy-seamless-pipe-tube.html
Fixed docs\tgm\products\incoloy-925-nickel-alloy-sheet.html
Fixed docs\tgm\products\incoloy-925-nickel-alloy-sheets.html
Fixed docs\tgm\products\incoloy-925-nickel-alloy-strip.html
Fixed docs\tgm\products\incoloy-925-nickel-alloy-tee.html
Fixed docs\tgm\products\incoloy-925-nickel-alloy-thick-walled-pipe.html
Fixed docs\tgm\products\incoloy-925-nickel-alloy-welded-pipe-tube.html
Fixed docs\tgm\products\incoloy-926-nickel-alloy-bars.html
Fixed docs\tgm\products\incoloy-926-nickel-alloy-capillary-tube.html
Fixed docs\tgm\products\incoloy-926-nickel-alloy-coil-tube.html
Fixed docs\tgm\products\incoloy-926-nickel-alloy-coil.html
Fixed docs\tgm\products\incoloy-926-nickel-alloy-elbow.html
Fixed docs\tgm\products\incoloy-926-nickel-alloy-fittings.html
Fixed docs\tgm\products\incoloy-926-nickel-alloy-flange.html
Fixed docs\tgm\products\incoloy-926-nickel-alloy-flat-bar.html
Fixed docs\tgm\products\incoloy-926-nickel-alloy-hexagon-bar.html
Fixed docs\tgm\products\incoloy-926-nickel-alloy-pipe-cap.html
Fixed docs\tgm\products\incoloy-926-nickel-alloy-pipes.html
Fixed docs\tgm\products\incoloy-926-nickel-alloy-plate.html
Fixed docs\tgm\products\incoloy-926-nickel-alloy-reducer.html
Fixed docs\tgm\products\incoloy-926-nickel-alloy-round-bar-rod.html
Fixed docs\tgm\products\incoloy-926-nickel-alloy-seamless-pipe-tube.html
Fixed docs\tgm\products\incoloy-926-nickel-alloy-sheet.html
Fixed docs\tgm\products\incoloy-926-nickel-alloy-sheets.html
Fixed docs\tgm\products\incoloy-926-nickel-alloy-square-bar.html
Fixed docs\tgm\products\incoloy-926-nickel-alloy-strip.html
Fixed docs\tgm\products\incoloy-926-nickel-alloy-tee.html
Fixed docs\tgm\products\incoloy-926-nickel-alloy-thick-walled-pipe.html
Fixed docs\tgm\products\incoloy-926-nickel-alloy-welded-pipe-tube.html
Fixed docs\tgm\products\incoloy-926-nickel-alloy-wire-rod.html
Fixed docs\tgm\products\incoloy-926-nickel-alloy-wire.html
Fixed docs\tgm\products\incoloy-926-nickel-alloy-wires.html
Fixed docs\tgm\products\incoloy-945-nickel-alloy-bars.html
Fixed docs\tgm\products\incoloy-945-nickel-alloy-pipes.html
Fixed docs\tgm\products\incoloy-945-nickel-alloy-round-bar-rod.html
Fixed docs\tgm\products\incoloy-945-nickel-alloy-seamless-pipe-tube.html
Fixed docs\tgm\products\incoloy-945-nickel-alloy-thick-walled-pipe.html
Fixed docs\tgm\products\incoloy-945X-nickel-alloy-bars.html
Fixed docs\tgm\products\incoloy-945X-nickel-alloy-filler-metal.html
Fixed docs\tgm\products\incoloy-945X-nickel-alloy-pipes.html
Fixed docs\tgm\products\incoloy-945X-nickel-alloy-round-bar-rod.html
Fixed docs\tgm\products\incoloy-945X-nickel-alloy-seamless-pipe-tube.html
Fixed docs\tgm\products\incoloy-945X-nickel-alloy-thick-walled-pipe.html
Fixed docs\tgm\products\incoloy-945X-nickel-alloy-wires.html
Fixed docs\tgm\products\incoloy-A-286-nickel-alloy-bars.html
Fixed docs\tgm\products\incoloy-A-286-nickel-alloy-capillary-tube.html
Fixed docs\tgm\products\incoloy-A-286-nickel-alloy-coil-tube.html
Fixed docs\tgm\products\incoloy-A-286-nickel-alloy-coil.html
Fixed docs\tgm\products\incoloy-A-286-nickel-alloy-elbow.html
Fixed docs\tgm\products\incoloy-A-286-nickel-alloy-fittings.html
Fixed docs\tgm\products\incoloy-A-286-nickel-alloy-flange.html
Fixed docs\tgm\products\incoloy-A-286-nickel-alloy-flat-bar.html
Fixed docs\tgm\products\incoloy-A-286-nickel-alloy-hexagon-bar.html
Fixed docs\tgm\products\incoloy-A-286-nickel-alloy-pipe-cap.html
Fixed docs\tgm\products\incoloy-A-286-nickel-alloy-pipes.html
Fixed docs\tgm\products\incoloy-A-286-nickel-alloy-plate.html
Fixed docs\tgm\products\incoloy-A-286-nickel-alloy-reducer.html
Fixed docs\tgm\products\incoloy-A-286-nickel-alloy-round-bar-rod.html
Fixed docs\tgm\products\incoloy-A-286-nickel-alloy-seamless-pipe-tube.html
Fixed docs\tgm\products\incoloy-A-286-nickel-alloy-sheet.html
Fixed docs\tgm\products\incoloy-A-286-nickel-alloy-sheets.html
Fixed docs\tgm\products\incoloy-A-286-nickel-alloy-square-bar.html
Fixed docs\tgm\products\incoloy-A-286-nickel-alloy-strip.html
Fixed docs\tgm\products\incoloy-A-286-nickel-alloy-tee.html
Fixed docs\tgm\products\incoloy-A-286-nickel-alloy-thick-walled-pipe.html
Fixed docs\tgm\products\incoloy-A-286-nickel-alloy-welded-pipe-tube.html
Fixed docs\tgm\products\incoloy-A-286-nickel-alloy-wire-rod.html
Fixed docs\tgm\products\incoloy-A-286-nickel-alloy-wire.html
Fixed docs\tgm\products\incoloy-A-286-nickel-alloy-wires.html
Fixed docs\tgm\products\incoloy-DS-nickel-alloy-bars.html
Fixed docs\tgm\products\incoloy-DS-nickel-alloy-capillary-tube.html
Fixed docs\tgm\products\incoloy-DS-nickel-alloy-coil-tube.html
Fixed docs\tgm\products\incoloy-DS-nickel-alloy-coil.html
Fixed docs\tgm\products\incoloy-DS-nickel-alloy-elbow.html
Fixed docs\tgm\products\incoloy-DS-nickel-alloy-fittings.html
Fixed docs\tgm\products\incoloy-DS-nickel-alloy-flange.html
Fixed docs\tgm\products\incoloy-DS-nickel-alloy-flat-bar.html
Fixed docs\tgm\products\incoloy-DS-nickel-alloy-hexagon-bar.html
Fixed docs\tgm\products\incoloy-DS-nickel-alloy-pipe-cap.html
Fixed docs\tgm\products\incoloy-DS-nickel-alloy-pipes.html
Fixed docs\tgm\products\incoloy-DS-nickel-alloy-plate.html
Fixed docs\tgm\products\incoloy-DS-nickel-alloy-reducer.html
Fixed docs\tgm\products\incoloy-DS-nickel-alloy-round-bar-rod.html
Fixed docs\tgm\products\incoloy-DS-nickel-alloy-seamless-pipe-tube.html
Fixed docs\tgm\products\incoloy-DS-nickel-alloy-sheet.html
Fixed docs\tgm\products\incoloy-DS-nickel-alloy-sheets.html
Fixed docs\tgm\products\incoloy-DS-nickel-alloy-square-bar.html
Fixed docs\tgm\products\incoloy-DS-nickel-alloy-strip.html
Fixed docs\tgm\products\incoloy-DS-nickel-alloy-tee.html
Fixed docs\tgm\products\incoloy-DS-nickel-alloy-thick-walled-pipe.html
Fixed docs\tgm\products\incoloy-DS-nickel-alloy-welded-pipe-tube.html
Fixed docs\tgm\products\incoloy-DS-nickel-alloy-wire-rod.html
Fixed docs\tgm\products\incoloy-DS-nickel-alloy-wire.html
Fixed docs\tgm\products\incoloy-DS-nickel-alloy-wires.html
Fixed docs\tgm\products\incoloy-MA956-nickel-alloy-bars.html
Fixed docs\tgm\products\incoloy-MA956-nickel-alloy-flat-bar.html
Fixed docs\tgm\products\incoloy-MA956-nickel-alloy-pipes.html
Fixed docs\tgm\products\incoloy-MA956-nickel-alloy-plate.html
Fixed docs\tgm\products\incoloy-MA956-nickel-alloy-round-bar-rod.html
Fixed docs\tgm\products\incoloy-MA956-nickel-alloy-seamless-pipe-tube.html
Fixed docs\tgm\products\incoloy-MA956-nickel-alloy-sheet.html
Fixed docs\tgm\products\incoloy-MA956-nickel-alloy-sheets.html
Fixed docs\tgm\products\incoloy-MA956-nickel-alloy-thick-walled-pipe.html
Fixed docs\tgm\products\incoloy-MA956-nickel-alloy-welded-pipe-tube.html
Fixed docs\tgm\products\incoloy-MA956-nickel-alloy-wire-rod.html
Fixed docs\tgm\products\incoloy-MA956-nickel-alloy-wire.html
Fixed docs\tgm\products\incoloy-MA956-nickel-alloy-wires.html
Fixed docs\tgm\products\inconel-502-nickel-alloy-hexagon-bar.html
Fixed docs\tgm\products\inconel-502-nickel-alloy-square-bar.html
Fixed docs\tgm\products\inconel-600-nickel-alloy-bars.html
Fixed docs\tgm\products\inconel-600-nickel-alloy-capillary-tube.html
Fixed docs\tgm\products\inconel-600-nickel-alloy-coil-tube.html
Fixed docs\tgm\products\inconel-600-nickel-alloy-coil.html
Fixed docs\tgm\products\inconel-600-nickel-alloy-elbow.html
Fixed docs\tgm\products\inconel-600-nickel-alloy-filler-metal.html
Fixed docs\tgm\products\inconel-600-nickel-alloy-fittings.html
Fixed docs\tgm\products\inconel-600-nickel-alloy-flange.html
Fixed docs\tgm\products\inconel-600-nickel-alloy-flat-bar.html
Fixed docs\tgm\products\inconel-600-nickel-alloy-hexagon-bar.html
Fixed docs\tgm\products\inconel-600-nickel-alloy-pipe-cap.html
Fixed docs\tgm\products\inconel-600-nickel-alloy-pipes.html
Fixed docs\tgm\products\inconel-600-nickel-alloy-plate.html
Fixed docs\tgm\products\inconel-600-nickel-alloy-reducer.html
Fixed docs\tgm\products\inconel-600-nickel-alloy-round-bar-rod.html
Fixed docs\tgm\products\inconel-600-nickel-alloy-seamless-pipe-tube.html
Fixed docs\tgm\products\inconel-600-nickel-alloy-sheet.html
Fixed docs\tgm\products\inconel-600-nickel-alloy-sheets.html
Fixed docs\tgm\products\inconel-600-nickel-alloy-square-bar.html
Fixed docs\tgm\products\inconel-600-nickel-alloy-strip.html
Fixed docs\tgm\products\inconel-600-nickel-alloy-tee.html
Fixed docs\tgm\products\inconel-600-nickel-alloy-thick-walled-pipe.html
Fixed docs\tgm\products\inconel-600-nickel-alloy-welded-pipe-tube.html
Fixed docs\tgm\products\inconel-600-nickel-alloy-welding-electrode.html
Fixed docs\tgm\products\inconel-600-nickel-alloy-wire-rod.html
Fixed docs\tgm\products\inconel-600-nickel-alloy-wire.html
Fixed docs\tgm\products\inconel-600-nickel-alloy-wires.html
Fixed docs\tgm\products\inconel-601-nickel-alloy-bars.html
Fixed docs\tgm\products\inconel-601-nickel-alloy-capillary-tube.html
Fixed docs\tgm\products\inconel-601-nickel-alloy-coil-tube.html
Fixed docs\tgm\products\inconel-601-nickel-alloy-coil.html
Fixed docs\tgm\products\inconel-601-nickel-alloy-elbow.html
Fixed docs\tgm\products\inconel-601-nickel-alloy-filler-metal.html
Fixed docs\tgm\products\inconel-601-nickel-alloy-fittings.html
Fixed docs\tgm\products\inconel-601-nickel-alloy-flange.html
Fixed docs\tgm\products\inconel-601-nickel-alloy-flat-bar.html
Fixed docs\tgm\products\inconel-601-nickel-alloy-hexagon-bar.html
Fixed docs\tgm\products\inconel-601-nickel-alloy-pipe-cap.html
Fixed docs\tgm\products\inconel-601-nickel-alloy-pipes.html
Fixed docs\tgm\products\inconel-601-nickel-alloy-plate.html
Fixed docs\tgm\products\inconel-601-nickel-alloy-reducer.html
Fixed docs\tgm\products\inconel-601-nickel-alloy-round-bar-rod.html
Fixed docs\tgm\products\inconel-601-nickel-alloy-seamless-pipe-tube.html
Fixed docs\tgm\products\inconel-601-nickel-alloy-sheet.html
Fixed docs\tgm\products\inconel-601-nickel-alloy-sheets.html
Fixed docs\tgm\products\inconel-601-nickel-alloy-square-bar.html
Fixed docs\tgm\products\inconel-601-nickel-alloy-strip.html
Fixed docs\tgm\products\inconel-601-nickel-alloy-tee.html
Fixed docs\tgm\products\inconel-601-nickel-alloy-thick-walled-pipe.html
Fixed docs\tgm\products\inconel-601-nickel-alloy-welded-pipe-tube.html
Fixed docs\tgm\products\inconel-601-nickel-alloy-wire-rod.html
Fixed docs\tgm\products\inconel-601-nickel-alloy-wire.html
Fixed docs\tgm\products\inconel-601-nickel-alloy-wires.html
Fixed docs\tgm\products\inconel-601GC-nickel-alloy-pipes.html
Fixed docs\tgm\products\inconel-601GC-nickel-alloy-seamless-pipe-tube.html
Fixed docs\tgm\products\inconel-601GC-nickel-alloy-thick-walled-pipe.html
Fixed docs\tgm\products\inconel-602CA-nickel-alloy-bars.html
Fixed docs\tgm\products\inconel-602CA-nickel-alloy-capillary-tube.html
Fixed docs\tgm\products\inconel-602CA-nickel-alloy-coil-tube.html
Fixed docs\tgm\products\inconel-602CA-nickel-alloy-coil.html
Fixed docs\tgm\products\inconel-602CA-nickel-alloy-elbow.html
Fixed docs\tgm\products\inconel-602CA-nickel-alloy-filler-metal.html
Fixed docs\tgm\products\inconel-602CA-nickel-alloy-fittings.html
Fixed docs\tgm\products\inconel-602CA-nickel-alloy-flange.html
Fixed docs\tgm\products\inconel-602CA-nickel-alloy-flat-bar.html
Fixed docs\tgm\products\inconel-602CA-nickel-alloy-hexagon-bar.html
Fixed docs\tgm\products\inconel-602CA-nickel-alloy-pipe-cap.html
Fixed docs\tgm\products\inconel-602CA-nickel-alloy-pipes.html
Fixed docs\tgm\products\inconel-602CA-nickel-alloy-plate.html
Fixed docs\tgm\products\inconel-602CA-nickel-alloy-reducer.html
Fixed docs\tgm\products\inconel-602CA-nickel-alloy-round-bar-rod.html
Fixed docs\tgm\products\inconel-602CA-nickel-alloy-seamless-pipe-tube.html
Fixed docs\tgm\products\inconel-602CA-nickel-alloy-sheet.html
Fixed docs\tgm\products\inconel-602CA-nickel-alloy-sheets.html
Fixed docs\tgm\products\inconel-602CA-nickel-alloy-square-bar.html
Fixed docs\tgm\products\inconel-602CA-nickel-alloy-strip.html
Fixed docs\tgm\products\inconel-602CA-nickel-alloy-tee.html
Fixed docs\tgm\products\inconel-602CA-nickel-alloy-thick-walled-pipe.html
Fixed docs\tgm\products\inconel-602CA-nickel-alloy-welded-pipe-tube.html
Fixed docs\tgm\products\inconel-602CA-nickel-alloy-welding-electrode.html
Fixed docs\tgm\products\inconel-602CA-nickel-alloy-wire-rod.html
Fixed docs\tgm\products\inconel-602CA-nickel-alloy-wire.html
Fixed docs\tgm\products\inconel-602CA-nickel-alloy-wires.html
Fixed docs\tgm\products\inconel-603XL-nickel-alloy-bars.html
Fixed docs\tgm\products\inconel-603XL-nickel-alloy-flat-bar.html
Fixed docs\tgm\products\inconel-603XL-nickel-alloy-pipes.html
Fixed docs\tgm\products\inconel-603XL-nickel-alloy-plate.html
Fixed docs\tgm\products\inconel-603XL-nickel-alloy-round-bar-rod.html
Fixed docs\tgm\products\inconel-603XL-nickel-alloy-seamless-pipe-tube.html
Fixed docs\tgm\products\inconel-603XL-nickel-alloy-sheet.html
Fixed docs\tgm\products\inconel-603XL-nickel-alloy-sheets.html
Fixed docs\tgm\products\inconel-603XL-nickel-alloy-thick-walled-pipe.html
Fixed docs\tgm\products\inconel-603XL-nickel-alloy-welded-pipe-tube.html
Fixed docs\tgm\products\inconel-603XL-nickel-alloy-wire-rod.html
Fixed docs\tgm\products\inconel-603XL-nickel-alloy-wire.html
Fixed docs\tgm\products\inconel-603XL-nickel-alloy-wires.html
Fixed docs\tgm\products\inconel-617-nickel-alloy-bars.html
Fixed docs\tgm\products\inconel-617-nickel-alloy-capillary-tube.html
Fixed docs\tgm\products\inconel-617-nickel-alloy-coil-tube.html
Fixed docs\tgm\products\inconel-617-nickel-alloy-coil.html
Fixed docs\tgm\products\inconel-617-nickel-alloy-elbow.html
Fixed docs\tgm\products\inconel-617-nickel-alloy-filler-metal.html
Fixed docs\tgm\products\inconel-617-nickel-alloy-fittings.html
Fixed docs\tgm\products\inconel-617-nickel-alloy-flange.html
Fixed docs\tgm\products\inconel-617-nickel-alloy-flat-bar.html
Fixed docs\tgm\products\inconel-617-nickel-alloy-hexagon-bar.html
Fixed docs\tgm\products\inconel-617-nickel-alloy-pipe-cap.html
Fixed docs\tgm\products\inconel-617-nickel-alloy-pipes.html
Fixed docs\tgm\products\inconel-617-nickel-alloy-plate.html
Fixed docs\tgm\products\inconel-617-nickel-alloy-reducer.html
Fixed docs\tgm\products\inconel-617-nickel-alloy-round-bar-rod.html
Fixed docs\tgm\products\inconel-617-nickel-alloy-seamless-pipe-tube.html
Fixed docs\tgm\products\inconel-617-nickel-alloy-sheet.html
Fixed docs\tgm\products\inconel-617-nickel-alloy-sheets.html
Fixed docs\tgm\products\inconel-617-nickel-alloy-square-bar.html
Fixed docs\tgm\products\inconel-617-nickel-alloy-strip.html
Fixed docs\tgm\products\inconel-617-nickel-alloy-tee.html
Fixed docs\tgm\products\inconel-617-nickel-alloy-thick-walled-pipe.html
Fixed docs\tgm\products\inconel-617-nickel-alloy-welded-pipe-tube.html
Fixed docs\tgm\products\inconel-617-nickel-alloy-welding-electrode.html
Fixed docs\tgm\products\inconel-617-nickel-alloy-wire-rod.html
Fixed docs\tgm\products\inconel-617-nickel-alloy-wire.html
Fixed docs\tgm\products\inconel-617-nickel-alloy-wires.html
Fixed docs\tgm\products\inconel-625-nickel-alloy-bars.html
Fixed docs\tgm\products\inconel-625-nickel-alloy-capillary-tube.html
Fixed docs\tgm\products\inconel-625-nickel-alloy-coil-tube.html
Fixed docs\tgm\products\inconel-625-nickel-alloy-coil.html
Fixed docs\tgm\products\inconel-625-nickel-alloy-elbow.html
Fixed docs\tgm\products\inconel-625-nickel-alloy-filler-metal.html
Fixed docs\tgm\products\inconel-625-nickel-alloy-fittings.html
Fixed docs\tgm\products\inconel-625-nickel-alloy-flange.html
Fixed docs\tgm\products\inconel-625-nickel-alloy-flat-bar.html
Fixed docs\tgm\products\inconel-625-nickel-alloy-hexagon-bar.html
Fixed docs\tgm\products\inconel-625-nickel-alloy-pipe-cap.html
Fixed docs\tgm\products\inconel-625-nickel-alloy-pipes.html
Fixed docs\tgm\products\inconel-625-nickel-alloy-plate.html
Fixed docs\tgm\products\inconel-625-nickel-alloy-reducer.html
Fixed docs\tgm\products\inconel-625-nickel-alloy-round-bar-rod.html
Fixed docs\tgm\products\inconel-625-nickel-alloy-seamless-pipe-tube.html
Fixed docs\tgm\products\inconel-625-nickel-alloy-sheet.html
Fixed docs\tgm\products\inconel-625-nickel-alloy-sheets.html
Fixed docs\tgm\products\inconel-625-nickel-alloy-square-bar.html
Fixed docs\tgm\products\inconel-625-nickel-alloy-strip.html
Fixed docs\tgm\products\inconel-625-nickel-alloy-tee.html
Fixed docs\tgm\products\inconel-625-nickel-alloy-thick-walled-pipe.html
Fixed docs\tgm\products\inconel-625-nickel-alloy-welded-pipe-tube.html
Fixed docs\tgm\products\inconel-625-nickel-alloy-welding-electrode.html
Fixed docs\tgm\products\inconel-625-nickel-alloy-wire-rod.html
Fixed docs\tgm\products\inconel-625-nickel-alloy-wire.html
Fixed docs\tgm\products\inconel-625-nickel-alloy-wires.html
Fixed docs\tgm\products\inconel-625LCF-nickel-alloy-coil.html
Fixed docs\tgm\products\inconel-625LCF-nickel-alloy-sheet.html
Fixed docs\tgm\products\inconel-625LCF-nickel-alloy-sheets.html
Fixed docs\tgm\products\inconel-625LCF-nickel-alloy-strip.html
Fixed docs\tgm\products\inconel-686-nickel-alloy-bars.html
Fixed docs\tgm\products\inconel-686-nickel-alloy-capillary-tube.html
Fixed docs\tgm\products\inconel-686-nickel-alloy-coil-tube.html
Fixed docs\tgm\products\inconel-686-nickel-alloy-coil.html
Fixed docs\tgm\products\inconel-686-nickel-alloy-elbow.html
Fixed docs\tgm\products\inconel-686-nickel-alloy-filler-metal.html
Fixed docs\tgm\products\inconel-686-nickel-alloy-fittings.html
Fixed docs\tgm\products\inconel-686-nickel-alloy-flange.html
Fixed docs\tgm\products\inconel-686-nickel-alloy-flat-bar.html
Fixed docs\tgm\products\inconel-686-nickel-alloy-hexagon-bar.html
Fixed docs\tgm\products\inconel-686-nickel-alloy-pipe-cap.html
Fixed docs\tgm\products\inconel-686-nickel-alloy-pipes.html
Fixed docs\tgm\products\inconel-686-nickel-alloy-plate.html
Fixed docs\tgm\products\inconel-686-nickel-alloy-reducer.html
Fixed docs\tgm\products\inconel-686-nickel-alloy-round-bar-rod.html
Fixed docs\tgm\products\inconel-686-nickel-alloy-seamless-pipe-tube.html
Fixed docs\tgm\products\inconel-686-nickel-alloy-sheet.html
Fixed docs\tgm\products\inconel-686-nickel-alloy-sheets.html
Fixed docs\tgm\products\inconel-686-nickel-alloy-square-bar.html
Fixed docs\tgm\products\inconel-686-nickel-alloy-strip.html
Fixed docs\tgm\products\inconel-686-nickel-alloy-tee.html
Fixed docs\tgm\products\inconel-686-nickel-alloy-thick-walled-pipe.html
Fixed docs\tgm\products\inconel-686-nickel-alloy-welded-pipe-tube.html
Fixed docs\tgm\products\inconel-686-nickel-alloy-welding-electrode.html
Fixed docs\tgm\products\inconel-686-nickel-alloy-wire-rod.html
Fixed docs\tgm\products\inconel-686-nickel-alloy-wire.html
Fixed docs\tgm\products\inconel-686-nickel-alloy-wires.html
Fixed docs\tgm\products\inconel-690-nickel-alloy-bars.html
Fixed docs\tgm\products\inconel-690-nickel-alloy-capillary-tube.html
Fixed docs\tgm\products\inconel-690-nickel-alloy-coil-tube.html
Fixed docs\tgm\products\inconel-690-nickel-alloy-coil.html
Fixed docs\tgm\products\inconel-690-nickel-alloy-elbow.html
Fixed docs\tgm\products\inconel-690-nickel-alloy-filler-metal.html
Fixed docs\tgm\products\inconel-690-nickel-alloy-fittings.html
Fixed docs\tgm\products\inconel-690-nickel-alloy-flange.html
Fixed docs\tgm\products\inconel-690-nickel-alloy-flat-bar.html
Fixed docs\tgm\products\inconel-690-nickel-alloy-hexagon-bar.html
Fixed docs\tgm\products\inconel-690-nickel-alloy-pipe-cap.html
Fixed docs\tgm\products\inconel-690-nickel-alloy-pipes.html
Fixed docs\tgm\products\inconel-690-nickel-alloy-plate.html
Fixed docs\tgm\products\inconel-690-nickel-alloy-reducer.html
Fixed docs\tgm\products\inconel-690-nickel-alloy-round-bar-rod.html
Fixed docs\tgm\products\inconel-690-nickel-alloy-seamless-pipe-tube.html
Fixed docs\tgm\products\inconel-690-nickel-alloy-sheet.html
Fixed docs\tgm\products\inconel-690-nickel-alloy-sheets.html
Fixed docs\tgm\products\inconel-690-nickel-alloy-square-bar.html
Fixed docs\tgm\products\inconel-690-nickel-alloy-strip.html
Fixed docs\tgm\products\inconel-690-nickel-alloy-tee.html
Fixed docs\tgm\products\inconel-690-nickel-alloy-thick-walled-pipe.html
Fixed docs\tgm\products\inconel-690-nickel-alloy-welded-pipe-tube.html
Fixed docs\tgm\products\inconel-690-nickel-alloy-welding-electrode.html
Fixed docs\tgm\products\inconel-690-nickel-alloy-wire-rod.html
Fixed docs\tgm\products\inconel-690-nickel-alloy-wire.html
Fixed docs\tgm\products\inconel-690-nickel-alloy-wires.html
Fixed docs\tgm\products\inconel-693-nickel-alloy-bars.html
Fixed docs\tgm\products\inconel-693-nickel-alloy-capillary-tube.html
Fixed docs\tgm\products\inconel-693-nickel-alloy-coil-tube.html
Fixed docs\tgm\products\inconel-693-nickel-alloy-coil.html
Fixed docs\tgm\products\inconel-693-nickel-alloy-elbow.html
Fixed docs\tgm\products\inconel-693-nickel-alloy-filler-metal.html
Fixed docs\tgm\products\inconel-693-nickel-alloy-fittings.html
Fixed docs\tgm\products\inconel-693-nickel-alloy-flange.html
Fixed docs\tgm\products\inconel-693-nickel-alloy-flat-bar.html
Fixed docs\tgm\products\inconel-693-nickel-alloy-hexagon-bar.html
Fixed docs\tgm\products\inconel-693-nickel-alloy-pipe-cap.html
Fixed docs\tgm\products\inconel-693-nickel-alloy-pipes.html
Fixed docs\tgm\products\inconel-693-nickel-alloy-plate.html
Fixed docs\tgm\products\inconel-693-nickel-alloy-reducer.html
Fixed docs\tgm\products\inconel-693-nickel-alloy-round-bar-rod.html
Fixed docs\tgm\products\inconel-693-nickel-alloy-seamless-pipe-tube.html
Fixed docs\tgm\products\inconel-693-nickel-alloy-sheet.html
Fixed docs\tgm\products\inconel-693-nickel-alloy-sheets.html
Fixed docs\tgm\products\inconel-693-nickel-alloy-square-bar.html
Fixed docs\tgm\products\inconel-693-nickel-alloy-strip.html
Fixed docs\tgm\products\inconel-693-nickel-alloy-tee.html
Fixed docs\tgm\products\inconel-693-nickel-alloy-thick-walled-pipe.html
Fixed docs\tgm\products\inconel-693-nickel-alloy-welded-pipe-tube.html
Fixed docs\tgm\products\inconel-693-nickel-alloy-wire-rod.html
Fixed docs\tgm\products\inconel-693-nickel-alloy-wire.html
Fixed docs\tgm\products\inconel-693-nickel-alloy-wires.html
Fixed docs\tgm\products\inconel-706-nickel-alloy-bars.html
Fixed docs\tgm\products\inconel-706-nickel-alloy-coil.html
Fixed docs\tgm\products\inconel-706-nickel-alloy-flat-bar.html
Fixed docs\tgm\products\inconel-706-nickel-alloy-hexagon-bar.html
Fixed docs\tgm\products\inconel-706-nickel-alloy-plate.html
Fixed docs\tgm\products\inconel-706-nickel-alloy-round-bar-rod.html
Fixed docs\tgm\products\inconel-706-nickel-alloy-sheet.html
Fixed docs\tgm\products\inconel-706-nickel-alloy-sheets.html
Fixed docs\tgm\products\inconel-706-nickel-alloy-square-bar.html
Fixed docs\tgm\products\inconel-706-nickel-alloy-strip.html
Fixed docs\tgm\products\inconel-706-nickel-alloy-wire-rod.html
Fixed docs\tgm\products\inconel-706-nickel-alloy-wire.html
Fixed docs\tgm\products\inconel-706-nickel-alloy-wires.html
Fixed docs\tgm\products\inconel-718-nickel-alloy-bars.html
Fixed docs\tgm\products\inconel-718-nickel-alloy-capillary-tube.html
Fixed docs\tgm\products\inconel-718-nickel-alloy-coil-tube.html
Fixed docs\tgm\products\inconel-718-nickel-alloy-coil.html
Fixed docs\tgm\products\inconel-718-nickel-alloy-elbow.html
Fixed docs\tgm\products\inconel-718-nickel-alloy-filler-metal.html
Fixed docs\tgm\products\inconel-718-nickel-alloy-fittings.html
Fixed docs\tgm\products\inconel-718-nickel-alloy-flange.html
Fixed docs\tgm\products\inconel-718-nickel-alloy-flat-bar.html
Fixed docs\tgm\products\inconel-718-nickel-alloy-hexagon-bar.html
Fixed docs\tgm\products\inconel-718-nickel-alloy-pipe-cap.html
Fixed docs\tgm\products\inconel-718-nickel-alloy-pipes.html
Fixed docs\tgm\products\inconel-718-nickel-alloy-plate.html
Fixed docs\tgm\products\inconel-718-nickel-alloy-reducer.html
Fixed docs\tgm\products\inconel-718-nickel-alloy-round-bar-rod.html
Fixed docs\tgm\products\inconel-718-nickel-alloy-seamless-pipe-tube.html
Fixed docs\tgm\products\inconel-718-nickel-alloy-sheet.html
Fixed docs\tgm\products\inconel-718-nickel-alloy-sheets.html
Fixed docs\tgm\products\inconel-718-nickel-alloy-square-bar.html
Fixed docs\tgm\products\inconel-718-nickel-alloy-strip.html
Fixed docs\tgm\products\inconel-718-nickel-alloy-tee.html
Fixed docs\tgm\products\inconel-718-nickel-alloy-thick-walled-pipe.html
Fixed docs\tgm\products\inconel-718-nickel-alloy-welded-pipe-tube.html
Fixed docs\tgm\products\inconel-718-nickel-alloy-wire-rod.html
Fixed docs\tgm\products\inconel-718-nickel-alloy-wire.html
Fixed docs\tgm\products\inconel-718-nickel-alloy-wires.html
Fixed docs\tgm\products\inconel-718SPF-nickel-alloy-coil.html
Fixed docs\tgm\products\inconel-718SPF-nickel-alloy-sheet.html
Fixed docs\tgm\products\inconel-718SPF-nickel-alloy-sheets.html
Fixed docs\tgm\products\inconel-725-nickel-alloy-bars.html
Fixed docs\tgm\products\inconel-725-nickel-alloy-filler-metal.html
Fixed docs\tgm\products\inconel-725-nickel-alloy-flat-bar.html
Fixed docs\tgm\products\inconel-725-nickel-alloy-hexagon-bar.html
Fixed docs\tgm\products\inconel-725-nickel-alloy-pipes.html
Fixed docs\tgm\products\inconel-725-nickel-alloy-round-bar-rod.html
Fixed docs\tgm\products\inconel-725-nickel-alloy-seamless-pipe-tube.html
Fixed docs\tgm\products\inconel-725-nickel-alloy-square-bar.html
Fixed docs\tgm\products\inconel-725-nickel-alloy-wire-rod.html
Fixed docs\tgm\products\inconel-725-nickel-alloy-wire.html
Fixed docs\tgm\products\inconel-725-nickel-alloy-wires.html
Fixed docs\tgm\products\inconel-740H-nickel-alloy-filler-metal.html
Fixed docs\tgm\products\inconel-740H-nickel-alloy-pipes.html
Fixed docs\tgm\products\inconel-740H-nickel-alloy-seamless-pipe-tube.html
Fixed docs\tgm\products\inconel-740H-nickel-alloy-thick-walled-pipe.html
Fixed docs\tgm\products\inconel-740H-nickel-alloy-wires.html
Fixed docs\tgm\products\inconel-751-nickel-alloy-bars.html
Fixed docs\tgm\products\inconel-751-nickel-alloy-round-bar-rod.html
Fixed docs\tgm\products\inconel-783-nickel-alloy-bars.html
Fixed docs\tgm\products\inconel-783-nickel-alloy-flat-bar.html
Fixed docs\tgm\products\inconel-783-nickel-alloy-hexagon-bar.html
Fixed docs\tgm\products\inconel-783-nickel-alloy-round-bar-rod.html
Fixed docs\tgm\products\inconel-783-nickel-alloy-square-bar.html
Fixed docs\tgm\products\inconel-783-nickel-alloy-wire-rod.html
Fixed docs\tgm\products\inconel-783-nickel-alloy-wires.html
Fixed docs\tgm\products\inconel-MA754-nickel-alloy-bars.html
Fixed docs\tgm\products\inconel-MA754-nickel-alloy-flat-bar.html
Fixed docs\tgm\products\inconel-MA754-nickel-alloy-pipes.html
Fixed docs\tgm\products\inconel-MA754-nickel-alloy-plate.html
Fixed docs\tgm\products\inconel-MA754-nickel-alloy-round-bar-rod.html
Fixed docs\tgm\products\inconel-MA754-nickel-alloy-seamless-pipe-tube.html
Fixed docs\tgm\products\inconel-MA754-nickel-alloy-sheet.html
Fixed docs\tgm\products\inconel-MA754-nickel-alloy-sheets.html
Fixed docs\tgm\products\inconel-MA754-nickel-alloy-thick-walled-pipe.html
Fixed docs\tgm\products\inconel-MA758-nickel-alloy-bars.html
Fixed docs\tgm\products\inconel-MA758-nickel-alloy-flat-bar.html
Fixed docs\tgm\products\inconel-MA758-nickel-alloy-pipes.html
Fixed docs\tgm\products\inconel-MA758-nickel-alloy-plate.html
Fixed docs\tgm\products\inconel-MA758-nickel-alloy-round-bar-rod.html
Fixed docs\tgm\products\inconel-MA758-nickel-alloy-seamless-pipe-tube.html
Fixed docs\tgm\products\inconel-MA758-nickel-alloy-sheet.html
Fixed docs\tgm\products\inconel-MA758-nickel-alloy-sheets.html
Fixed docs\tgm\products\inconel-MA758-nickel-alloy-thick-walled-pipe.html
Fixed docs\tgm\products\inconel-R-405-nickel-alloy-hexagon-bar.html
Fixed docs\tgm\products\inconel-R-405-nickel-alloy-square-bar.html
Fixed docs\tgm\products\inconel-X-750-nickel-alloy-bars.html
Fixed docs\tgm\products\inconel-X-750-nickel-alloy-capillary-tube.html
Fixed docs\tgm\products\inconel-X-750-nickel-alloy-coil-tube.html
Fixed docs\tgm\products\inconel-X-750-nickel-alloy-coil.html
Fixed docs\tgm\products\inconel-X-750-nickel-alloy-elbow.html
Fixed docs\tgm\products\inconel-X-750-nickel-alloy-fittings.html
Fixed docs\tgm\products\inconel-X-750-nickel-alloy-flange.html
Fixed docs\tgm\products\inconel-X-750-nickel-alloy-flat-bar.html
Fixed docs\tgm\products\inconel-X-750-nickel-alloy-hexagon-bar.html
Fixed docs\tgm\products\inconel-X-750-nickel-alloy-pipe-cap.html
Fixed docs\tgm\products\inconel-X-750-nickel-alloy-pipes.html
Fixed docs\tgm\products\inconel-X-750-nickel-alloy-plate.html
Fixed docs\tgm\products\inconel-X-750-nickel-alloy-reducer.html
Fixed docs\tgm\products\inconel-X-750-nickel-alloy-round-bar-rod.html
Fixed docs\tgm\products\inconel-X-750-nickel-alloy-seamless-pipe-tube.html
Fixed docs\tgm\products\inconel-X-750-nickel-alloy-sheet.html
Fixed docs\tgm\products\inconel-X-750-nickel-alloy-sheets.html
Fixed docs\tgm\products\inconel-X-750-nickel-alloy-square-bar.html
Fixed docs\tgm\products\inconel-X-750-nickel-alloy-strip.html
Fixed docs\tgm\products\inconel-X-750-nickel-alloy-tee.html
Fixed docs\tgm\products\inconel-X-750-nickel-alloy-thick-walled-pipe.html
Fixed docs\tgm\products\inconel-X-750-nickel-alloy-welded-pipe-tube.html
Fixed docs\tgm\products\inconel-X-750-nickel-alloy-wire-rod.html
Fixed docs\tgm\products\inconel-X-750-nickel-alloy-wire.html
Fixed docs\tgm\products\inconel-X-750-nickel-alloy-wires.html
Fixed docs\tgm\products\monel-400-nickel-alloy-bars.html
Fixed docs\tgm\products\monel-400-nickel-alloy-capillary-tube.html
Fixed docs\tgm\products\monel-400-nickel-alloy-coil-tube.html
Fixed docs\tgm\products\monel-400-nickel-alloy-coil.html
Fixed docs\tgm\products\monel-400-nickel-alloy-elbow.html
Fixed docs\tgm\products\monel-400-nickel-alloy-filler-metal.html
Fixed docs\tgm\products\monel-400-nickel-alloy-fittings.html
Fixed docs\tgm\products\monel-400-nickel-alloy-flange.html
Fixed docs\tgm\products\monel-400-nickel-alloy-flat-bar.html
Fixed docs\tgm\products\monel-400-nickel-alloy-hexagon-bar.html
Fixed docs\tgm\products\monel-400-nickel-alloy-pipe-cap.html
Fixed docs\tgm\products\monel-400-nickel-alloy-pipes.html
Fixed docs\tgm\products\monel-400-nickel-alloy-plate.html
Fixed docs\tgm\products\monel-400-nickel-alloy-reducer.html
Fixed docs\tgm\products\monel-400-nickel-alloy-round-bar-rod.html
Fixed docs\tgm\products\monel-400-nickel-alloy-seamless-pipe-tube.html
Fixed docs\tgm\products\monel-400-nickel-alloy-sheet.html
Fixed docs\tgm\products\monel-400-nickel-alloy-sheets.html
Fixed docs\tgm\products\monel-400-nickel-alloy-square-bar.html
Fixed docs\tgm\products\monel-400-nickel-alloy-strip.html
Fixed docs\tgm\products\monel-400-nickel-alloy-tee.html
Fixed docs\tgm\products\monel-400-nickel-alloy-thick-walled-pipe.html
Fixed docs\tgm\products\monel-400-nickel-alloy-welded-pipe-tube.html
Fixed docs\tgm\products\monel-400-nickel-alloy-welding-electrode.html
Fixed docs\tgm\products\monel-400-nickel-alloy-wire-rod.html
Fixed docs\tgm\products\monel-400-nickel-alloy-wire.html
Fixed docs\tgm\products\monel-400-nickel-alloy-wires.html
Fixed docs\tgm\products\monel-401-nickel-alloy-wire-rod.html
Fixed docs\tgm\products\monel-401-nickel-alloy-wire.html
Fixed docs\tgm\products\monel-401-nickel-alloy-wires.html
Fixed docs\tgm\products\monel-404-nickel-alloy-bars.html
Fixed docs\tgm\products\monel-404-nickel-alloy-coil.html
Fixed docs\tgm\products\monel-404-nickel-alloy-round-bar-rod.html
Fixed docs\tgm\products\monel-404-nickel-alloy-sheet.html
Fixed docs\tgm\products\monel-404-nickel-alloy-sheets.html
Fixed docs\tgm\products\monel-404-nickel-alloy-wire-rod.html
Fixed docs\tgm\products\monel-404-nickel-alloy-wire.html
Fixed docs\tgm\products\monel-404-nickel-alloy-wires.html
Fixed docs\tgm\products\monel-502-nickel-alloy-bars.html
Fixed docs\tgm\products\monel-502-nickel-alloy-flat-bar.html
Fixed docs\tgm\products\monel-502-nickel-alloy-hexagon-bar.html
Fixed docs\tgm\products\monel-502-nickel-alloy-round-bar-rod.html
Fixed docs\tgm\products\monel-502-nickel-alloy-square-bar.html
Fixed docs\tgm\products\monel-602CA-nickel-alloy-hexagon-bar.html
Fixed docs\tgm\products\monel-602CA-nickel-alloy-square-bar.html
Fixed docs\tgm\products\monel-617-nickel-alloy-hexagon-bar.html
Fixed docs\tgm\products\monel-617-nickel-alloy-square-bar.html
Fixed docs\tgm\products\monel-686-nickel-alloy-hexagon-bar.html
Fixed docs\tgm\products\monel-686-nickel-alloy-square-bar.html
Fixed docs\tgm\products\monel-690-nickel-alloy-hexagon-bar.html
Fixed docs\tgm\products\monel-690-nickel-alloy-square-bar.html
Fixed docs\tgm\products\monel-693-nickel-alloy-hexagon-bar.html
Fixed docs\tgm\products\monel-693-nickel-alloy-square-bar.html
Fixed docs\tgm\products\monel-706-nickel-alloy-hexagon-bar.html
Fixed docs\tgm\products\monel-706-nickel-alloy-square-bar.html
Fixed docs\tgm\products\monel-725-nickel-alloy-hexagon-bar.html
Fixed docs\tgm\products\monel-725-nickel-alloy-square-bar.html
Fixed docs\tgm\products\monel-783-nickel-alloy-hexagon-bar.html
Fixed docs\tgm\products\monel-783-nickel-alloy-square-bar.html
Fixed docs\tgm\products\monel-K-500-nickel-alloy-bars.html
Fixed docs\tgm\products\monel-K-500-nickel-alloy-capillary-tube.html
Fixed docs\tgm\products\monel-K-500-nickel-alloy-coil-tube.html
Fixed docs\tgm\products\monel-K-500-nickel-alloy-coil.html
Fixed docs\tgm\products\monel-K-500-nickel-alloy-elbow.html
Fixed docs\tgm\products\monel-K-500-nickel-alloy-filler-metal.html
Fixed docs\tgm\products\monel-K-500-nickel-alloy-fittings.html
Fixed docs\tgm\products\monel-K-500-nickel-alloy-flange.html
Fixed docs\tgm\products\monel-K-500-nickel-alloy-flat-bar.html
Fixed docs\tgm\products\monel-K-500-nickel-alloy-hexagon-bar.html
Fixed docs\tgm\products\monel-K-500-nickel-alloy-pipe-cap.html
Fixed docs\tgm\products\monel-K-500-nickel-alloy-pipes.html
Fixed docs\tgm\products\monel-K-500-nickel-alloy-plate.html
Fixed docs\tgm\products\monel-K-500-nickel-alloy-reducer.html
Fixed docs\tgm\products\monel-K-500-nickel-alloy-round-bar-rod.html
Fixed docs\tgm\products\monel-K-500-nickel-alloy-seamless-pipe-tube.html
Fixed docs\tgm\products\monel-K-500-nickel-alloy-sheet.html
Fixed docs\tgm\products\monel-K-500-nickel-alloy-sheets.html
Fixed docs\tgm\products\monel-K-500-nickel-alloy-square-bar.html
Fixed docs\tgm\products\monel-K-500-nickel-alloy-strip.html
Fixed docs\tgm\products\monel-K-500-nickel-alloy-tee.html
Fixed docs\tgm\products\monel-K-500-nickel-alloy-thick-walled-pipe.html
Fixed docs\tgm\products\monel-K-500-nickel-alloy-welded-pipe-tube.html
Fixed docs\tgm\products\monel-K-500-nickel-alloy-wire-rod.html
Fixed docs\tgm\products\monel-K-500-nickel-alloy-wire.html
Fixed docs\tgm\products\monel-K-500-nickel-alloy-wires.html
Fixed docs\tgm\products\monel-R-405-nickel-alloy-bars.html
Fixed docs\tgm\products\monel-R-405-nickel-alloy-flat-bar.html
Fixed docs\tgm\products\monel-R-405-nickel-alloy-hexagon-bar.html
Fixed docs\tgm\products\monel-R-405-nickel-alloy-round-bar-rod.html
Fixed docs\tgm\products\monel-R-405-nickel-alloy-square-bar.html
Fixed docs\tgm\products\monel-R-405-nickel-alloy-wire-rod.html
Fixed docs\tgm\products\monel-R-405-nickel-alloy-wire.html
Fixed docs\tgm\products\monel-R-405-nickel-alloy-wires.html
Fixed docs\tgm\products\monel-X-750-nickel-alloy-hexagon-bar.html
Fixed docs\tgm\products\monel-X-750-nickel-alloy-square-bar.html
Fixed docs\tgm\products\nickel-alloy-capillary-tube.html
Fixed docs\tgm\products\nickel-alloy-coil-tube.html
Fixed docs\tgm\products\nickel-alloy-coil.html
Fixed docs\tgm\products\nickel-alloy-elbow.html
Fixed docs\tgm\products\nickel-alloy-filler-metal.html
Fixed docs\tgm\products\nickel-alloy-flange.html
Fixed docs\tgm\products\nickel-alloy-flat-bar.html
Fixed docs\tgm\products\nickel-alloy-hexagon-bar.html
Fixed docs\tgm\products\nickel-alloy-pipe-cap.html
Fixed docs\tgm\products\nickel-alloy-plate.html
Fixed docs\tgm\products\nickel-alloy-reducer.html
Fixed docs\tgm\products\nickel-alloy-round-bar-rod.html
Fixed docs\tgm\products\nickel-alloy-seamless-pipe-tube.html
Fixed docs\tgm\products\nickel-alloy-sheet.html
Fixed docs\tgm\products\nickel-alloy-square-bar.html
Fixed docs\tgm\products\nickel-alloy-strip.html
Fixed docs\tgm\products\nickel-alloy-tee.html
Fixed docs\tgm\products\nickel-alloy-thick-walled-pipe.html
Fixed docs\tgm\products\nickel-alloy-welded-pipe-tube.html
Fixed docs\tgm\products\nickel-alloy-welding-electrode.html
Fixed docs\tgm\products\nickel-alloy-wire-rod.html
Fixed docs\tgm\products\nickel-alloy-wire.html
Fixed docs\tgm\solutions\aerospace.html
Fixed docs\tgm\solutions\automotive.html
Fixed docs\tgm\solutions\chemical-processing.html
Fixed docs\tgm\solutions\electric-telecom.html
Fixed docs\tgm\solutions\electrical-resistance.html
Fixed docs\tgm\solutions\marine.html
Fixed docs\tgm\solutions\oil-gas.html
Fixed docs\tgm\solutions\petro-processing.html
Fixed docs\tgm\solutions\pollution-waste.html
Fixed docs\tgm\solutions\power-generation.html
Fixed docs\tgm\solutions\thermal-processing.html
Fixed docs\tgm\solutions\welding-products.html
Fixed docs\tgm\tools\alloy-unit-conversion.html
Fixed docs\tgm\tools\cobalt-price.html
Fixed docs\tgm\tools\metal-price.html
Fixed docs\tgm\tools\molybdenum-price.html
Fixed docs\tgm\tools\nickel-alloy-grades-comparison.html
Fixed docs\tgm\tools\nickel-alloy-weight-calculator.html
Fixed docs\tgm\tools\nickel-price.html
Fixed docs\tgm\tools\niobium-price.html
Fixed docs\tgm\tools\pipe-schedule-calculator.html
Fixed docs\tgm\media\alloy-knowledge\index.html
Fixed docs\tgm\media\applications\index.html
Fixed docs\tgm\media\chemical-element\index.html
Fixed docs\tgm\media\leads\index.html
Fixed docs\tgm\media\media-1\media.html
Fixed docs\tgm\media\media-10\media.html
Fixed docs\tgm\media\media-100\media.html
Fixed docs\tgm\media\media-101\media.html
Fixed docs\tgm\media\media-102\media.html
Fixed docs\tgm\media\media-103\media.html
Fixed docs\tgm\media\media-104\media.html
Fixed docs\tgm\media\media-105\media.html
Fixed docs\tgm\media\media-106\media.html
Fixed docs\tgm\media\media-107\media.html
Fixed docs\tgm\media\media-108\media.html
Fixed docs\tgm\media\media-109\media.html
Fixed docs\tgm\media\media-11\media.html
Fixed docs\tgm\media\media-110\media.html
Fixed docs\tgm\media\media-111\media.html
Fixed docs\tgm\media\media-112\media.html
Fixed docs\tgm\media\media-113\media.html
Fixed docs\tgm\media\media-114\media.html
Fixed docs\tgm\media\media-115\media.html
Fixed docs\tgm\media\media-116\media.html
Fixed docs\tgm\media\media-117\media.html
Fixed docs\tgm\media\media-118\media.html
Fixed docs\tgm\media\media-119\media.html
Fixed docs\tgm\media\media-12\media.html
Fixed docs\tgm\media\media-120\media.html
Fixed docs\tgm\media\media-121\media.html
Fixed docs\tgm\media\media-122\media.html
Fixed docs\tgm\media\media-123\media.html
Fixed docs\tgm\media\media-124\media.html
Fixed docs\tgm\media\media-125\media.html
Fixed docs\tgm\media\media-126\media.html
Fixed docs\tgm\media\media-127\media.html
Fixed docs\tgm\media\media-128\media.html
Fixed docs\tgm\media\media-129\media.html
Fixed docs\tgm\media\media-13\media.html
Fixed docs\tgm\media\media-130\media.html
Fixed docs\tgm\media\media-131\media.html
Fixed docs\tgm\media\media-132\media.html
Fixed docs\tgm\media\media-133\media.html
Fixed docs\tgm\media\media-134\media.html
Fixed docs\tgm\media\media-135\media.html
Fixed docs\tgm\media\media-136\media.html
Fixed docs\tgm\media\media-137\media.html
Fixed docs\tgm\media\media-138\media.html
Fixed docs\tgm\media\media-139\media.html
Fixed docs\tgm\media\media-14\media.html
Fixed docs\tgm\media\media-140\media.html
Fixed docs\tgm\media\media-141\media.html
Fixed docs\tgm\media\media-142\media.html
Fixed docs\tgm\media\media-143\media.html
Fixed docs\tgm\media\media-144\media.html
Fixed docs\tgm\media\media-15\media.html
Fixed docs\tgm\media\media-16\media.html
Fixed docs\tgm\media\media-17\media.html
Fixed docs\tgm\media\media-18\media.html
Fixed docs\tgm\media\media-19\media.html
Fixed docs\tgm\media\media-2\media.html
Fixed docs\tgm\media\media-20\media.html
Fixed docs\tgm\media\media-21\media.html
Fixed docs\tgm\media\media-22\media.html
Fixed docs\tgm\media\media-23\media.html
Fixed docs\tgm\media\media-24\media.html
Fixed docs\tgm\media\media-25\media.html
Fixed docs\tgm\media\media-26\media.html
Fixed docs\tgm\media\media-27\media.html
Fixed docs\tgm\media\media-28\media.html
Fixed docs\tgm\media\media-29\media.html
Fixed docs\tgm\media\media-3\media.html
Fixed docs\tgm\media\media-30\media.html
Fixed docs\tgm\media\media-31\media.html
Fixed docs\tgm\media\media-32\media.html
Fixed docs\tgm\media\media-33\media.html
Fixed docs\tgm\media\media-34\media.html
Fixed docs\tgm\media\media-35\media.html
Fixed docs\tgm\media\media-36\media.html
Fixed docs\tgm\media\media-37\media.html
Fixed docs\tgm\media\media-38\media.html
Fixed docs\tgm\media\media-39\media.html
Fixed docs\tgm\media\media-4\media.html
Fixed docs\tgm\media\media-40\media.html
Fixed docs\tgm\media\media-41\media.html
Fixed docs\tgm\media\media-42\media.html
Fixed docs\tgm\media\media-43\media.html
Fixed docs\tgm\media\media-44\media.html
Fixed docs\tgm\media\media-45\media.html
Fixed docs\tgm\media\media-46\media.html
Fixed docs\tgm\media\media-47\media.html
Fixed docs\tgm\media\media-48\media.html
Fixed docs\tgm\media\media-49\media.html
Fixed docs\tgm\media\media-5\media.html
Fixed docs\tgm\media\media-50\media.html
Fixed docs\tgm\media\media-51\media.html
Fixed docs\tgm\media\media-52\media.html
Fixed docs\tgm\media\media-53\media.html
Fixed docs\tgm\media\media-54\media.html
Fixed docs\tgm\media\media-55\media.html
Fixed docs\tgm\media\media-56\media.html
Fixed docs\tgm\media\media-57\media.html
Fixed docs\tgm\media\media-58\media.html
Fixed docs\tgm\media\media-59\media.html
Fixed docs\tgm\media\media-6\media.html
Fixed docs\tgm\media\media-60\media.html
Fixed docs\tgm\media\media-61\media.html
Fixed docs\tgm\media\media-62\media.html
Fixed docs\tgm\media\media-63\media.html
Fixed docs\tgm\media\media-64\media.html
Fixed docs\tgm\media\media-65\media.html
Fixed docs\tgm\media\media-66\media.html
Fixed docs\tgm\media\media-67\media.html
Fixed docs\tgm\media\media-68\media.html
Fixed docs\tgm\media\media-69\media.html
Fixed docs\tgm\media\media-7\media.html
Fixed docs\tgm\media\media-70\media.html
Fixed docs\tgm\media\media-71\media.html
Fixed docs\tgm\media\media-72\media.html
Fixed docs\tgm\media\media-73\media.html
Fixed docs\tgm\media\media-74\media.html
Fixed docs\tgm\media\media-75\media.html
Fixed docs\tgm\media\media-76\media.html
Fixed docs\tgm\media\media-77\media.html
Fixed docs\tgm\media\media-78\media.html
Fixed docs\tgm\media\media-79\media.html
Fixed docs\tgm\media\media-8\media.html
Fixed docs\tgm\media\media-80\media.html
Fixed docs\tgm\media\media-81\media.html
Fixed docs\tgm\media\media-82\media.html
Fixed docs\tgm\media\media-83\media.html
Fixed docs\tgm\media\media-84\media.html
Fixed docs\tgm\media\media-84\strength.html
Fixed docs\tgm\media\media-85\media.html
Fixed docs\tgm\media\media-86\media.html
Fixed docs\tgm\media\media-87\media.html
Fixed docs\tgm\media\media-88\media.html
Fixed docs\tgm\media\media-89\media.html
Fixed docs\tgm\media\media-9\media.html
Fixed docs\tgm\media\media-90\media.html
Fixed docs\tgm\media\media-91\media.html
Fixed docs\tgm\media\media-92\media.html
Fixed docs\tgm\media\media-93\media.html
Fixed docs\tgm\media\media-94\media.html
Fixed docs\tgm\media\media-95\media.html
Fixed docs\tgm\media\media-96\media.html
Fixed docs\tgm\media\media-97\media.html
Fixed docs\tgm\media\media-98\media.html
Fixed docs\tgm\media\media-99\media.html
Fixed docs\tgm\media\metal-technology\index.html
Fixed docs\tgm\media\newsletter\index.html
