2026-07-17 19:49:17,395 [INFO] Fetching sitemap: https://www.aeether.com/sitemap.xml
2026-07-17 19:49:18,597 [INFO] Sitemap contains 1450 internal URLs
2026-07-17 19:49:18,639 [INFO] Initial queue: 1445 pages
2026-07-17 19:55:08,720 [WARNING] Page download failed: https://www.aeether.com/AEETHER/grades/12.html -> Failed to perform, curl: (28) Operation timed out after 60003 milliseconds with 9565 bytes received. See https://curl.se/libcurl/c/libcurl-errors.html first for more details.
2026-07-17 19:55:08,759 [INFO] Phase 1 complete: 1611 pages known, 3391 assets discovered
2026-07-17 19:55:08,762 [INFO] Downloaded/re-parsed pages: 16, failed: 1
2026-07-17 19:56:31,684 [WARNING] Download failed (1/3): https://www.aeether.com/AEETHER/image/grades/stellite/p12.jpg -> Failed to perform, curl: (28) Operation too slow. Less than 1 bytes/sec transferred the last 45 seconds. See https://curl.se/libcurl/c/libcurl-errors.html first for more details.
2026-07-17 19:57:09,233 [WARNING] Download failed (1/3): https://www.aeether.com/AEETHER/image/grades/stellite/p7.jpg -> Failed to perform, curl: (28) Operation too slow. Less than 1 bytes/sec transferred the last 45 seconds. See https://curl.se/libcurl/c/libcurl-errors.html first for more details.
2026-07-17 19:57:25,751 [WARNING] Download failed (1/3): https://www.aeether.com/AEETHER/media/media-105/5.jpg -> Failed to perform, curl: (28) Operation too slow. Less than 1 bytes/sec transferred the last 45 seconds. See https://curl.se/libcurl/c/libcurl-errors.html first for more details.
2026-07-17 19:58:04,861 [WARNING] Download failed (1/3): https://www.aeether.com/AEETHER/media/media-102/title-pic-2.jpg -> Failed to perform, curl: (28) Operation too slow. Less than 1 bytes/sec transferred the last 45 seconds. See https://curl.se/libcurl/c/libcurl-errors.html first for more details.
2026-07-17 19:58:09,795 [WARNING] Download failed (1/3): https://www.aeether.com/AEETHER/media/media-111/2.jpg -> Failed to perform, curl: (28) Connection timed out after 45005 milliseconds. See https://curl.se/libcurl/c/libcurl-errors.html first for more details.
2026-07-17 19:58:18,416 [WARNING] Download failed (2/3): https://www.aeether.com/AEETHER/image/grades/stellite/p7.jpg -> Failed to perform, curl: (28) Operation too slow. Less than 1 bytes/sec transferred the last 45 seconds. See https://curl.se/libcurl/c/libcurl-errors.html first for more details.
2026-07-17 19:59:24,088 [WARNING] Download failed (1/3): https://www.aeether.com/AEETHER/media/media-111/5.jpg -> Failed to perform, curl: (28) Operation too slow. Less than 1 bytes/sec transferred the last 45 seconds. See https://curl.se/libcurl/c/libcurl-errors.html first for more details.
2026-07-17 19:59:28,096 [WARNING] Download failed (1/3): https://www.aeether.com/AEETHER/media/media-112/4.jpg -> Failed to perform, curl: (28) Operation too slow. Less than 1 bytes/sec transferred the last 45 seconds. See https://curl.se/libcurl/c/libcurl-errors.html first for more details.
2026-07-17 20:00:23,945 [WARNING] Download failed (1/3): https://www.aeether.com/AEETHER/media/media-115/hardness.svg -> Failed to perform, curl: (28) Connection timed out after 45007 milliseconds. See https://curl.se/libcurl/c/libcurl-errors.html first for more details.
2026-07-17 20:00:35,095 [WARNING] Download failed (1/3): https://www.aeether.com/AEETHER/media/media-114/5.jpg -> Failed to perform, curl: (28) Operation too slow. Less than 1 bytes/sec transferred the last 45 seconds. See https://curl.se/libcurl/c/libcurl-errors.html first for more details.
2026-07-17 20:01:17,177 [WARNING] Download failed (1/3): https://www.aeether.com/AEETHER/media/media-115/mediapic6.jpg -> Failed to perform, curl: (28) Operation too slow. Less than 1 bytes/sec transferred the last 45 seconds. See https://curl.se/libcurl/c/libcurl-errors.html first for more details.
2026-07-17 20:01:39,078 [WARNING] Download failed (1/3): https://www.aeether.com/AEETHER/media/media-115/mediapic2.jpg -> Failed to perform, curl: (28) Operation too slow. Less than 1 bytes/sec transferred the last 45 seconds. See https://curl.se/libcurl/c/libcurl-errors.html first for more details.
2026-07-17 20:02:55,901 [WARNING] Download failed (1/3): https://www.aeether.com/AEETHER/media/media-122/mediapic3.jpg -> Failed to perform, curl: (28) Connection timed out after 45008 milliseconds. See https://curl.se/libcurl/c/libcurl-errors.html first for more details.
2026-07-17 20:04:17,131 [WARNING] Download failed (1/3): https://www.aeether.com/AEETHER/media/media-122/mediapic5.jpg -> Failed to perform, curl: (28) Operation too slow. Less than 1 bytes/sec transferred the last 45 seconds. See https://curl.se/libcurl/c/libcurl-errors.html first for more details.
2026-07-17 20:04:25,105 [WARNING] Download failed (1/3): https://www.aeether.com/AEETHER/media/media-124/step-3.jpg -> Failed to perform, curl: (28) Operation too slow. Less than 1 bytes/sec transferred the last 45 seconds. See https://curl.se/libcurl/c/libcurl-errors.html first for more details.
2026-07-17 20:04:29,009 [WARNING] Download failed (1/3): https://www.aeether.com/AEETHER/media/media-127/2.jpg -> Failed to perform, curl: (28) Operation too slow. Less than 1 bytes/sec transferred the last 45 seconds. See https://curl.se/libcurl/c/libcurl-errors.html first for more details.
2026-07-17 20:04:53,906 [WARNING] Download failed (1/3): https://www.aeether.com/AEETHER/media/media-127/5.jpg -> Failed to perform, curl: (28) Operation too slow. Less than 1 bytes/sec transferred the last 45 seconds. See https://curl.se/libcurl/c/libcurl-errors.html first for more details.
2026-07-17 20:05:21,713 [WARNING] Download failed (1/3): https://www.aeether.com/AEETHER/media/media-128/4.jpg -> Failed to perform, curl: (28) Connection timed out after 45013 milliseconds. See https://curl.se/libcurl/c/libcurl-errors.html first for more details.
2026-07-17 20:05:33,377 [WARNING] Download failed (1/3): https://www.aeether.com/AEETHER/media/media-128/3.jpg -> Failed to perform, curl: (28) Operation too slow. Less than 1 bytes/sec transferred the last 45 seconds. See https://curl.se/libcurl/c/libcurl-errors.html first for more details.
2026-07-17 20:06:16,711 [WARNING] Download failed (1/3): https://www.aeether.com/AEETHER/media/media-128/5.jpg -> Failed to perform, curl: (28) Operation too slow. Less than 1 bytes/sec transferred the last 45 seconds. See https://curl.se/libcurl/c/libcurl-errors.html first for more details.
2026-07-17 20:06:20,390 [WARNING] Download failed (2/3): https://www.aeether.com/AEETHER/media/media-128/3.jpg -> Failed to perform, curl: (28) Connection timed out after 45006 milliseconds. See https://curl.se/libcurl/c/libcurl-errors.html first for more details.
2026-07-17 20:08:37,998 [WARNING] Download failed (1/3): https://www.aeether.com/AEETHER/media/media-128/1.jpg -> Failed to perform, curl: (28) Operation too slow. Less than 1 bytes/sec transferred the last 45 seconds. See https://curl.se/libcurl/c/libcurl-errors.html first for more details.
2026-07-17 20:11:26,732 [WARNING] Download failed (3/3): https://www.aeether.com/AEETHER/media/media-128/3.jpg -> Failed to perform, curl: (28) Operation too slow. Less than 1 bytes/sec transferred the last 45 seconds. See https://curl.se/libcurl/c/libcurl-errors.html first for more details.
2026-07-17 20:11:32,734 [ERROR] Giving up on https://www.aeether.com/AEETHER/media/media-128/3.jpg
2026-07-17 20:18:52,359 [WARNING] Download failed (1/3): https://www.aeether.com/AEETHER/media/media-79/media.css -> Failed to perform, curl: (28) Connection timed out after 45001 milliseconds. See https://curl.se/libcurl/c/libcurl-errors.html first for more details.
2026-07-17 20:20:02,160 [INFO] ============================================================
2026-07-17 20:20:02,160 [INFO] Recursive mirror complete
2026-07-17 20:20:02,160 [INFO] Pages: 1611 known, 16 newly downloaded, 1 failed
2026-07-17 20:20:02,160 [INFO] Assets: 3391 discovered, 524 newly downloaded, 1 failed
2026-07-17 20:20:02,161 [INFO] Failed pages (first 20): ['https://www.aeether.com/AEETHER/grades/12.html']
2026-07-17 20:20:02,161 [INFO] Failed assets (first 20): ['https://www.aeether.com/AEETHER/media/media-128/3.jpg']
